\BOOKMARK [0][-]{chapter.1}{\376\377\000I\000n\000t\000r\000o\000d\000u\000c\000t\000i\000o\000n}{}% 1
\BOOKMARK [0][-]{chapter.2}{\376\377\000F\000e\000a\000t\000u\000r\000e\000s}{}% 2
\BOOKMARK [0][-]{chapter.3}{\376\377\000D\000o\000c\000u\000m\000e\000n\000t\000a\000t\000i\000o\000n}{}% 3
\BOOKMARK [0][-]{chapter.4}{\376\377\000C\000i\000t\000i\000n\000g\000\040\000p\000a\000r\000a\000m\000a\000g\000p\000y}{}% 4
\BOOKMARK [0][-]{chapter.5}{\376\377\000C\000o\000n\000t\000e\000n\000t\000s}{}% 5
\BOOKMARK [1][-]{section.5.1}{\376\377\000I\000n\000s\000t\000a\000l\000l\000a\000t\000i\000o\000n\000\040\000G\000u\000i\000d\000e}{chapter.5}% 6
\BOOKMARK [2][-]{subsection.5.1.1}{\376\377\000R\000e\000q\000u\000i\000r\000e\000m\000e\000n\000t\000s}{section.5.1}% 7
\BOOKMARK [2][-]{subsection.5.1.2}{\376\377\000U\000n\000i\000x\000/\000O\000S\000X\000\040\000I\000n\000s\000t\000a\000l\000l\000a\000t\000i\000o\000n}{section.5.1}% 8
\BOOKMARK [2][-]{subsection.5.1.3}{\376\377\000W\000i\000n\000d\000o\000w\000s\000\040\000I\000n\000s\000t\000a\000l\000l\000a\000t\000i\000o\000n}{section.5.1}% 9
\BOOKMARK [2][-]{subsection.5.1.4}{\376\377\000R\000u\000n\000n\000i\000n\000g\000\040\000t\000h\000e\000\040\000G\000U\000I}{section.5.1}% 10
\BOOKMARK [1][-]{section.5.2}{\376\377\000E\000x\000a\000m\000p\000l\000e\000s}{chapter.5}% 11
\BOOKMARK [2][-]{subsection.5.2.1}{\376\377\000P\000C\000S\000\040\000d\000a\000t\000a}{section.5.2}% 12
\BOOKMARK [3][-]{subsubsection*.3}{\376\377\000F\000i\000t\000\040\000T\000e\000n\000s\000o\000r\000\040\000t\000o\000\040\000P\000C\000S\000\040\000D\000a\000t\000a}{subsection.5.2.1}% 13
\BOOKMARK [4][-]{paragraph*.4}{\376\377\000D\000o\000w\000n\000l\000o\000a\000d\000s}{subsubsection*.3}% 14
\BOOKMARK [4][-]{paragraph*.5}{\376\377\000S\000c\000r\000i\000p\000t\000\040\000+\000\040\000E\000x\000p\000l\000a\000n\000a\000t\000i\000o\000n}{subsubsection*.3}% 15
\BOOKMARK [3][-]{subsubsection*.6}{\376\377\000C\000a\000l\000c\000u\000l\000a\000t\000e\000\040\000P\000C\000S\000s\000\040\000f\000r\000o\000m\000\040\000k\000n\000o\000w\000n\000\040\000t\000e\000n\000s\000o\000r}{subsection.5.2.1}% 16
\BOOKMARK [4][-]{paragraph*.7}{\376\377\000D\000o\000w\000n\000l\000o\000a\000d\000s}{subsubsection*.6}% 17
\BOOKMARK [4][-]{paragraph*.8}{\376\377\000S\000c\000r\000i\000p\000t\000\040\000+\000\040\000E\000x\000p\000l\000a\000n\000a\000t\000i\000o\000n}{subsubsection*.6}% 18
\BOOKMARK [3][-]{subsubsection*.9}{\376\377\000P\000l\000o\000t\000\040\000P\000C\000S\000\040\000i\000s\000o\000s\000u\000r\000f\000a\000c\000e\000\040\000\050\000P\000y\000M\000o\000l\000\040\000v\000i\000e\000w\000\051}{subsection.5.2.1}% 19
\BOOKMARK [4][-]{paragraph*.10}{\376\377\000D\000o\000w\000n\000l\000o\000a\000d\000s}{subsubsection*.9}% 20
\BOOKMARK [4][-]{paragraph*.11}{\376\377\000E\000x\000p\000l\000a\000n\000a\000t\000i\000o\000n}{subsubsection*.9}% 21
\BOOKMARK [4][-]{paragraph*.12}{\376\377\000S\000c\000r\000i\000p\000t}{subsubsection*.9}% 22
\BOOKMARK [4][-]{paragraph*.13}{\376\377\000O\000u\000t\000p\000u\000t}{subsubsection*.9}% 23
\BOOKMARK [3][-]{subsubsection*.14}{\376\377\000F\000i\000t\000\040\000m\000u\000l\000t\000i\000p\000l\000e\000\040\000P\000C\000S\000\040\000d\000a\000t\000a\000s\000e\000t\000s\000\040\000t\000o\000\040\000c\000o\000m\000m\000o\000n\000\040\000p\000o\000s\000i\000t\000i\000o\000n}{subsection.5.2.1}% 24
\BOOKMARK [4][-]{paragraph*.15}{\376\377\000D\000o\000w\000n\000l\000o\000a\000d\000s}{subsubsection*.14}% 25
\BOOKMARK [4][-]{paragraph*.16}{\376\377\000E\000x\000p\000l\000a\000n\000a\000t\000i\000o\000n}{subsubsection*.14}% 26
\BOOKMARK [4][-]{paragraph*.17}{\376\377\000S\000c\000r\000i\000p\000t}{subsubsection*.14}% 27
\BOOKMARK [4][-]{paragraph*.18}{\376\377\000O\000u\000t\000p\000u\000t\000s}{subsubsection*.14}% 28
\BOOKMARK [3][-]{subsubsection*.19}{\376\377\000F\000i\000t\000\040\000T\000e\000n\000s\000o\000r\000\040\000t\000o\000\040\000P\000D\000B\000\040\000w\000i\000t\000h\000\040\000M\000o\000d\000e\000l\000s}{subsection.5.2.1}% 29
\BOOKMARK [4][-]{paragraph*.20}{\376\377\000D\000o\000w\000n\000l\000o\000a\000d\000s}{subsubsection*.19}% 30
\BOOKMARK [4][-]{paragraph*.21}{\376\377\000S\000c\000r\000i\000p\000t\000\040\000+\000\040\000E\000x\000p\000l\000a\000n\000a\000t\000i\000o\000n}{subsubsection*.19}% 31
\BOOKMARK [3][-]{subsubsection*.22}{\376\377\000C\000o\000n\000s\000t\000r\000a\000i\000n\000e\000d\000\040\000F\000i\000t\000t\000i\000n\000g}{subsection.5.2.1}% 32
\BOOKMARK [4][-]{paragraph*.23}{\376\377\000D\000o\000w\000n\000l\000o\000a\000d\000s}{subsubsection*.22}% 33
\BOOKMARK [4][-]{paragraph*.24}{\376\377\000S\000c\000r\000i\000p\000t\000\040\000+\000\040\000E\000x\000p\000l\000a\000n\000a\000t\000i\000o\000n}{subsubsection*.22}% 34
\BOOKMARK [3][-]{subsubsection*.25}{\376\377\000F\000i\000t\000\040\000a\000\040\000t\000e\000n\000s\000o\000r\000\040\000t\000o\000\040\000P\000C\000S\000\040\000d\000a\000t\000a\000\040\000w\000i\000t\000h\000\040\000u\000n\000c\000e\000r\000t\000a\000i\000n\000t\000i\000e\000s}{subsection.5.2.1}% 35
\BOOKMARK [4][-]{paragraph*.26}{\376\377\000D\000o\000w\000n\000l\000o\000a\000d\000s}{subsubsection*.25}% 36
\BOOKMARK [4][-]{paragraph*.27}{\376\377\000S\000c\000r\000i\000p\000t\000\040\000+\000\040\000E\000x\000p\000l\000a\000n\000a\000t\000i\000o\000n}{subsubsection*.25}% 37
\BOOKMARK [3][-]{subsubsection*.28}{\376\377\000F\000i\000t\000\040\000A\000t\000o\000m\000i\000c\000\040\000C\000o\000o\000r\000d\000i\000n\000a\000t\000e\000s\000\040\000t\000o\000\040\000P\000C\000S\000\040\000d\000a\000t\000a}{subsection.5.2.1}% 38
\BOOKMARK [4][-]{paragraph*.29}{\376\377\000D\000o\000w\000n\000l\000o\000a\000d\000s}{subsubsection*.28}% 39
\BOOKMARK [4][-]{paragraph*.30}{\376\377\000S\000c\000r\000i\000p\000t\000\040\000+\000\040\000E\000x\000p\000l\000a\000n\000a\000t\000i\000o\000n}{subsubsection*.28}% 40
\BOOKMARK [3][-]{subsubsection*.31}{\376\377\000P\000r\000o\000p\000a\000g\000a\000t\000e\000\040\000U\000n\000c\000e\000r\000t\000a\000i\000n\000t\000y\000\040\000t\000o\000\040\000F\000i\000t\000t\000e\000d\000\040\000T\000e\000n\000s\000o\000r\000\040\000P\000a\000r\000a\000m\000e\000t\000e\000r\000s}{subsection.5.2.1}% 41
\BOOKMARK [4][-]{paragraph*.32}{\376\377\000D\000o\000w\000n\000l\000o\000a\000d\000s}{subsubsection*.31}% 42
\BOOKMARK [4][-]{paragraph*.33}{\376\377\000S\000c\000r\000i\000p\000t\000\040\000+\000\040\000E\000x\000p\000l\000a\000n\000a\000t\000i\000o\000n}{subsubsection*.31}% 43
\BOOKMARK [5][-]{subparagraph*.34}{\376\377\000U\000n\000c\000e\000r\000t\000a\000i\000n\000t\000y\000\040\000f\000r\000o\000m\000\040\000s\000t\000r\000u\000c\000t\000u\000r\000e\000\040\000m\000o\000d\000e\000l\000s}{paragraph*.33}% 44
\BOOKMARK [5][-]{subparagraph*.35}{\376\377\000U\000n\000c\000e\000r\000t\000a\000i\000n\000t\000y\000\040\000f\000r\000o\000m\000\040\000e\000x\000p\000e\000r\000i\000m\000e\000n\000t\000a\000l\000\040\000u\000n\000c\000e\000r\000t\000a\000i\000n\000t\000i\000e\000s}{paragraph*.33}% 45
\BOOKMARK [5][-]{subparagraph*.36}{\376\377\000U\000n\000c\000e\000r\000t\000a\000i\000n\000t\000y\000\040\000f\000r\000o\000m\000\040\000s\000a\000m\000p\000l\000e\000\040\000f\000r\000a\000c\000t\000i\000o\000n}{paragraph*.33}% 46
\BOOKMARK [3][-]{subsubsection*.37}{\376\377\000F\000i\000t\000\040\000t\000o\000\040\000P\000C\000S\000\040\000d\000a\000t\000a\000\040\000w\000i\000t\000h\000\040\000o\000f\000f\000s\000e\000t\000,\000\040\000R\000A\000C\000S\000\040\000a\000n\000d\000\040\000R\000A\000D\000S\000\040\000c\000o\000r\000r\000e\000c\000t\000i\000o\000n\000s}{subsection.5.2.1}% 47
\BOOKMARK [2][-]{subsection.5.2.2}{\376\377\000R\000D\000C\000\040\000d\000a\000t\000a}{section.5.2}% 48
\BOOKMARK [3][-]{subsubsection*.38}{\376\377\000F\000i\000t\000\040\000T\000e\000n\000s\000o\000r\000\040\000t\000o\000\040\000R\000D\000C\000\040\000D\000a\000t\000a}{subsection.5.2.2}% 49
\BOOKMARK [4][-]{paragraph*.39}{\376\377\000D\000o\000w\000n\000l\000o\000a\000d\000s}{subsubsection*.38}% 50
\BOOKMARK [4][-]{paragraph*.40}{\376\377\000S\000c\000r\000i\000p\000t\000\040\000+\000\040\000E\000x\000p\000l\000a\000n\000a\000t\000i\000o\000n}{subsubsection*.38}% 51
\BOOKMARK [3][-]{subsubsection*.41}{\376\377\000C\000a\000l\000c\000u\000l\000a\000t\000e\000\040\000R\000D\000C\000\040\000f\000r\000o\000m\000\040\000a\000\040\000k\000n\000o\000w\000n\000\040\000T\000e\000n\000s\000o\000r}{subsection.5.2.2}% 52
\BOOKMARK [4][-]{paragraph*.42}{\376\377\000D\000o\000w\000n\000l\000o\000a\000d\000s}{subsubsection*.41}% 53
\BOOKMARK [4][-]{paragraph*.43}{\376\377\000S\000c\000r\000i\000p\000t\000\040\000+\000\040\000E\000x\000p\000l\000a\000n\000a\000t\000i\000o\000n}{subsubsection*.41}% 54
\BOOKMARK [2][-]{subsection.5.2.3}{\376\377\000P\000R\000E\000\040\000d\000a\000t\000a}{section.5.2}% 55
\BOOKMARK [3][-]{subsubsection*.44}{\376\377\000F\000i\000t\000\040\000T\000e\000n\000s\000o\000r\000\040\000t\000o\000\040\000P\000R\000E\000\040\000D\000a\000t\000a}{subsection.5.2.3}% 56
\BOOKMARK [4][-]{paragraph*.45}{\376\377\000D\000o\000w\000n\000l\000o\000a\000d\000s}{subsubsection*.44}% 57
\BOOKMARK [4][-]{paragraph*.46}{\376\377\000S\000c\000r\000i\000p\000t\000\040\000+\000\040\000E\000x\000p\000l\000a\000n\000a\000t\000i\000o\000n}{subsubsection*.44}% 58
\BOOKMARK [3][-]{subsubsection*.47}{\376\377\000C\000a\000l\000c\000u\000l\000a\000t\000e\000\040\0001\0005\000N\000\040\000P\000R\000E\000s\000\040\000w\000i\000t\000h\000\040\000c\000r\000o\000s\000s\000-\000c\000o\000r\000r\000e\000l\000a\000t\000i\000o\000n\000\040\000e\000f\000f\000e\000c\000t\000s}{subsection.5.2.3}% 59
\BOOKMARK [4][-]{paragraph*.48}{\376\377\000D\000o\000w\000n\000l\000o\000a\000d\000s}{subsubsection*.47}% 60
\BOOKMARK [4][-]{paragraph*.49}{\376\377\000S\000c\000r\000i\000p\000t\000\040\000+\000\040\000E\000x\000p\000l\000a\000n\000a\000t\000i\000o\000n}{subsubsection*.47}% 61
\BOOKMARK [3][-]{subsubsection*.50}{\376\377\000F\000i\000t\000\040\000s\000p\000e\000c\000t\000r\000a\000l\000\040\000p\000o\000w\000e\000r\000\040\000d\000e\000n\000s\000i\000t\000y\000\040\000t\000e\000n\000s\000o\000r}{subsection.5.2.3}% 62
\BOOKMARK [4][-]{paragraph*.51}{\376\377\000D\000o\000w\000n\000l\000o\000a\000d\000s}{subsubsection*.50}% 63
\BOOKMARK [4][-]{paragraph*.52}{\376\377\000S\000c\000r\000i\000p\000t\000\040\000+\000\040\000E\000x\000p\000l\000a\000n\000a\000t\000i\000o\000n}{subsubsection*.50}% 64
\BOOKMARK [2][-]{subsection.5.2.4}{\376\377\000C\000C\000R\000\040\000d\000a\000t\000a}{section.5.2}% 65
\BOOKMARK [3][-]{subsubsection*.53}{\376\377\000C\000a\000l\000c\000u\000l\000a\000t\000e\000\040\000C\000r\000o\000s\000s\000-\000c\000o\000r\000r\000e\000l\000a\000t\000e\000d\000\040\000R\000e\000l\000a\000x\000a\000t\000i\000o\000n}{subsection.5.2.4}% 66
\BOOKMARK [4][-]{paragraph*.54}{\376\377\000D\000o\000w\000n\000l\000o\000a\000d\000s}{subsubsection*.53}% 67
\BOOKMARK [4][-]{paragraph*.55}{\376\377\000S\000c\000r\000i\000p\000t\000\040\000+\000\040\000E\000x\000p\000l\000a\000n\000a\000t\000i\000o\000n}{subsubsection*.53}% 68
\BOOKMARK [1][-]{section.5.3}{\376\377\000G\000r\000a\000p\000h\000i\000c\000\040\000U\000s\000e\000r\000\040\000I\000n\000t\000e\000r\000f\000a\000c\000e\000\040\000\050\000G\000U\000I\000\051}{chapter.5}% 69
\BOOKMARK [2][-]{subsection.5.3.1}{\376\377\000Y\000o\000u\000T\000u\000b\000e\000\040\000T\000u\000t\000o\000r\000i\000a\000l}{section.5.3}% 70
\BOOKMARK [2][-]{subsection.5.3.2}{\376\377\000R\000u\000n\000n\000i\000n\000g\000\040\000t\000h\000e\000\040\000G\000U\000I}{section.5.3}% 71
\BOOKMARK [1][-]{section.5.4}{\376\377\000N\000M\000R\000\040\000S\000o\000f\000t\000w\000a\000r\000e\000\040\000M\000a\000c\000r\000o\000s}{chapter.5}% 72
\BOOKMARK [2][-]{subsection.5.4.1}{\376\377\000C\000C\000P\000N\000M\000R\000\040\000A\000n\000a\000l\000y\000s\000i\000s\000\040\0002\000.\0004}{section.5.4}% 73
\BOOKMARK [2][-]{subsection.5.4.2}{\376\377\000S\000p\000a\000r\000k\000y}{section.5.4}% 74
\BOOKMARK [1][-]{section.5.5}{\376\377\000M\000a\000t\000h\000e\000m\000a\000t\000i\000c\000a\000l\000\040\000P\000r\000o\000o\000f\000s}{chapter.5}% 75
\BOOKMARK [2][-]{subsection.5.5.1}{\376\377\000P\000r\000o\000o\000f\000\040\000o\000f\000\040\000e\000q\000u\000i\000v\000a\000l\000e\000n\000c\000e\000\040\000b\000e\000t\000w\000e\000e\000n\000\040\000t\000h\000e\000\040\000m\000a\000t\000r\000i\000x\000\040\000r\000e\000p\000r\000e\000s\000e\000n\000t\000a\000t\000i\000o\000n\000\040\000o\000f\000\040\000C\000u\000r\000i\000e\000-\000s\000p\000i\000n\000\040\000d\000i\000p\000o\000l\000e\040\023\000d\000i\000p\000o\000l\000e\000\040\000c\000r\000o\000s\000s\000-\000c\000o\000r\000r\000e\000l\000a\000t\000e\000d\000\040\000r\000e\000l\000a\000x\000a\000t\000i\000o\000n\000\040\000\050\000P\000a\000r\000a\000m\000a\000g\000p\000y\000\040\000i\000m\000p\000l\000e\000m\000e\000n\000t\000a\000t\000i\000o\000n\000\051\000\040\000a\000n\000d\000\040\000t\000h\000e\000\040\000o\000r\000i\000g\000i\000n\000a\000l\000\040\000d\000e\000s\000c\000r\000i\000p\000t\000i\000o\000n\000\040\000b\000y\000\040\000G\000h\000o\000s\000e\000\040\000a\000n\000d\000\040\000P\000r\000e\000s\000t\000e\000g\000a\000r\000d}{section.5.5}% 76
\BOOKMARK [1][-]{section.5.6}{\376\377\000R\000e\000f\000e\000r\000e\000n\000c\000e\000\040\000G\000u\000i\000d\000e}{chapter.5}% 77
\BOOKMARK [2][-]{subsection.5.6.1}{\376\377\000P\000a\000r\000a\000m\000a\000g\000n\000e\000t\000i\000c\000\040\000m\000o\000d\000u\000l\000e}{section.5.6}% 78
\BOOKMARK [3][-]{subsubsection*.56}{\376\377\000p\000a\000r\000a\000m\000a\000g\000p\000y\000.\000m\000e\000t\000a\000l}{subsection.5.6.1}% 79
\BOOKMARK [4][-]{paragraph*.57}{\376\377\000F\000u\000n\000c\000t\000i\000o\000n\000s}{subsubsection*.56}% 80
\BOOKMARK [5][-]{subparagraph*.58}{\376\377\000p\000a\000r\000a\000m\000a\000g\000p\000y\000.\000m\000e\000t\000a\000l\000.\000e\000u\000l\000e\000r\000\137\000t\000o\000\137\000m\000a\000t\000r\000i\000x}{paragraph*.57}% 81
\BOOKMARK [5][-]{subparagraph*.60}{\376\377\000p\000a\000r\000a\000m\000a\000g\000p\000y\000.\000m\000e\000t\000a\000l\000.\000m\000a\000t\000r\000i\000x\000\137\000t\000o\000\137\000e\000u\000l\000e\000r}{paragraph*.57}% 82
\BOOKMARK [5][-]{subparagraph*.62}{\376\377\000p\000a\000r\000a\000m\000a\000g\000p\000y\000.\000m\000e\000t\000a\000l\000.\000u\000n\000i\000q\000u\000e\000\137\000e\000u\000l\000e\000r\000s}{paragraph*.57}% 83
\BOOKMARK [5][-]{subparagraph*.64}{\376\377\000p\000a\000r\000a\000m\000a\000g\000p\000y\000.\000m\000e\000t\000a\000l\000.\000m\000a\000k\000e\000\137\000t\000e\000n\000s\000o\000r}{paragraph*.57}% 84
\BOOKMARK [4][-]{paragraph*.66}{\376\377\000C\000l\000a\000s\000s\000e\000s}{subsubsection*.56}% 85
\BOOKMARK [5][-]{subparagraph*.67}{\376\377\000p\000a\000r\000a\000m\000a\000g\000p\000y\000.\000m\000e\000t\000a\000l\000.\000M\000e\000t\000a\000l}{paragraph*.66}% 86
\BOOKMARK [5][-]{subparagraph*.70}{\376\377\000p\000a\000r\000a\000m\000a\000g\000p\000y\000.\000m\000e\000t\000a\000l\000.\000M\000e\000t\000a\000l\000.\000a\000t\000o\000m\000\137\000c\000c\000r}{paragraph*.66}% 87
\BOOKMARK [5][-]{subparagraph*.72}{\376\377\000p\000a\000r\000a\000m\000a\000g\000p\000y\000.\000m\000e\000t\000a\000l\000.\000M\000e\000t\000a\000l\000.\000a\000t\000o\000m\000\137\000p\000c\000s}{paragraph*.66}% 88
\BOOKMARK [5][-]{subparagraph*.74}{\376\377\000p\000a\000r\000a\000m\000a\000g\000p\000y\000.\000m\000e\000t\000a\000l\000.\000M\000e\000t\000a\000l\000.\000a\000t\000o\000m\000\137\000p\000r\000e}{paragraph*.66}% 89
\BOOKMARK [5][-]{subparagraph*.76}{\376\377\000p\000a\000r\000a\000m\000a\000g\000p\000y\000.\000m\000e\000t\000a\000l\000.\000M\000e\000t\000a\000l\000.\000a\000t\000o\000m\000\137\000r\000d\000c}{paragraph*.66}% 90
\BOOKMARK [5][-]{subparagraph*.78}{\376\377\000p\000a\000r\000a\000m\000a\000g\000p\000y\000.\000m\000e\000t\000a\000l\000.\000M\000e\000t\000a\000l\000.\000a\000t\000o\000m\000\137\000s\000e\000t\000\137\000p\000o\000s\000i\000t\000i\000o\000n}{paragraph*.66}% 91
\BOOKMARK [5][-]{subparagraph*.80}{\376\377\000p\000a\000r\000a\000m\000a\000g\000p\000y\000.\000m\000e\000t\000a\000l\000.\000M\000e\000t\000a\000l\000.\000a\000v\000e\000r\000a\000g\000e}{paragraph*.66}% 92
\BOOKMARK [5][-]{subparagraph*.82}{\376\377\000p\000a\000r\000a\000m\000a\000g\000p\000y\000.\000m\000e\000t\000a\000l\000.\000M\000e\000t\000a\000l\000.\000c\000c\000r}{paragraph*.66}% 93
\BOOKMARK [5][-]{subparagraph*.84}{\376\377\000p\000a\000r\000a\000m\000a\000g\000p\000y\000.\000m\000e\000t\000a\000l\000.\000M\000e\000t\000a\000l\000.\000c\000o\000p\000y}{paragraph*.66}% 94
\BOOKMARK [5][-]{subparagraph*.86}{\376\377\000p\000a\000r\000a\000m\000a\000g\000p\000y\000.\000m\000e\000t\000a\000l\000.\000M\000e\000t\000a\000l\000.\000d\000i\000p\000o\000l\000e\000\137\000s\000h\000i\000f\000t\000\137\000t\000e\000n\000s\000o\000r}{paragraph*.66}% 95
\BOOKMARK [5][-]{subparagraph*.88}{\376\377\000p\000a\000r\000a\000m\000a\000g\000p\000y\000.\000m\000e\000t\000a\000l\000.\000M\000e\000t\000a\000l\000.\000d\000s\000a\000\137\000r\0001}{paragraph*.66}% 96
\BOOKMARK [5][-]{subparagraph*.90}{\376\377\000p\000a\000r\000a\000m\000a\000g\000p\000y\000.\000m\000e\000t\000a\000l\000.\000M\000e\000t\000a\000l\000.\000d\000s\000a\000\137\000r\0002}{paragraph*.66}% 97
\BOOKMARK [5][-]{subparagraph*.92}{\376\377\000p\000a\000r\000a\000m\000a\000g\000p\000y\000.\000m\000e\000t\000a\000l\000.\000M\000e\000t\000a\000l\000.\000f\000a\000s\000t\000\137\000c\000c\000r}{paragraph*.66}% 98
\BOOKMARK [5][-]{subparagraph*.94}{\376\377\000p\000a\000r\000a\000m\000a\000g\000p\000y\000.\000m\000e\000t\000a\000l\000.\000M\000e\000t\000a\000l\000.\000f\000a\000s\000t\000\137\000d\000i\000p\000o\000l\000e\000\137\000s\000h\000i\000f\000t\000\137\000t\000e\000n\000s\000o\000r}{paragraph*.66}% 99
\BOOKMARK [5][-]{subparagraph*.96}{\376\377\000p\000a\000r\000a\000m\000a\000g\000p\000y\000.\000m\000e\000t\000a\000l\000.\000M\000e\000t\000a\000l\000.\000f\000a\000s\000t\000\137\000d\000s\000a\000\137\000r\0001}{paragraph*.66}% 100
\BOOKMARK [5][-]{subparagraph*.98}{\376\377\000p\000a\000r\000a\000m\000a\000g\000p\000y\000.\000m\000e\000t\000a\000l\000.\000M\000e\000t\000a\000l\000.\000f\000a\000s\000t\000\137\000d\000s\000a\000\137\000r\0002}{paragraph*.66}% 101
\BOOKMARK [5][-]{subparagraph*.100}{\376\377\000p\000a\000r\000a\000m\000a\000g\000p\000y\000.\000m\000e\000t\000a\000l\000.\000M\000e\000t\000a\000l\000.\000f\000a\000s\000t\000\137\000f\000i\000r\000s\000t\000\137\000i\000n\000v\000a\000r\000i\000a\000n\000t\000\137\000s\000q\000u\000a\000r\000e\000d}{paragraph*.66}% 102
\BOOKMARK [5][-]{subparagraph*.102}{\376\377\000p\000a\000r\000a\000m\000a\000g\000p\000y\000.\000m\000e\000t\000a\000l\000.\000M\000e\000t\000a\000l\000.\000f\000a\000s\000t\000\137\000g\000\137\000s\000b\000m\000\137\000r\0001}{paragraph*.66}% 103
\BOOKMARK [5][-]{subparagraph*.104}{\376\377\000p\000a\000r\000a\000m\000a\000g\000p\000y\000.\000m\000e\000t\000a\000l\000.\000M\000e\000t\000a\000l\000.\000f\000a\000s\000t\000\137\000p\000c\000s}{paragraph*.66}% 104
\BOOKMARK [5][-]{subparagraph*.106}{\376\377\000p\000a\000r\000a\000m\000a\000g\000p\000y\000.\000m\000e\000t\000a\000l\000.\000M\000e\000t\000a\000l\000.\000f\000a\000s\000t\000\137\000p\000r\000e}{paragraph*.66}% 105
\BOOKMARK [5][-]{subparagraph*.108}{\376\377\000p\000a\000r\000a\000m\000a\000g\000p\000y\000.\000m\000e\000t\000a\000l\000.\000M\000e\000t\000a\000l\000.\000f\000a\000s\000t\000\137\000r\000a\000c\000s}{paragraph*.66}% 106
\BOOKMARK [5][-]{subparagraph*.110}{\376\377\000p\000a\000r\000a\000m\000a\000g\000p\000y\000.\000m\000e\000t\000a\000l\000.\000M\000e\000t\000a\000l\000.\000f\000a\000s\000t\000\137\000r\000a\000d\000s}{paragraph*.66}% 107
\BOOKMARK [5][-]{subparagraph*.112}{\376\377\000p\000a\000r\000a\000m\000a\000g\000p\000y\000.\000m\000e\000t\000a\000l\000.\000M\000e\000t\000a\000l\000.\000f\000a\000s\000t\000\137\000r\000d\000c}{paragraph*.66}% 108
\BOOKMARK [5][-]{subparagraph*.114}{\376\377\000p\000a\000r\000a\000m\000a\000g\000p\000y\000.\000m\000e\000t\000a\000l\000.\000M\000e\000t\000a\000l\000.\000f\000a\000s\000t\000\137\000s\000b\000m\000\137\000r\0001}{paragraph*.66}% 109
\BOOKMARK [5][-]{subparagraph*.116}{\376\377\000p\000a\000r\000a\000m\000a\000g\000p\000y\000.\000m\000e\000t\000a\000l\000.\000M\000e\000t\000a\000l\000.\000f\000a\000s\000t\000\137\000s\000b\000m\000\137\000r\0002}{paragraph*.66}% 110
\BOOKMARK [5][-]{subparagraph*.118}{\376\377\000p\000a\000r\000a\000m\000a\000g\000p\000y\000.\000m\000e\000t\000a\000l\000.\000M\000e\000t\000a\000l\000.\000f\000a\000s\000t\000\137\000s\000e\000c\000o\000n\000d\000\137\000i\000n\000v\000a\000r\000i\000a\000n\000t\000\137\000s\000q\000u\000a\000r\000e\000d}{paragraph*.66}% 111
\BOOKMARK [5][-]{subparagraph*.120}{\376\377\000p\000a\000r\000a\000m\000a\000g\000p\000y\000.\000m\000e\000t\000a\000l\000.\000M\000e\000t\000a\000l\000.\000f\000i\000r\000s\000t\000\137\000i\000n\000v\000a\000r\000i\000a\000n\000t\000\137\000s\000q\000u\000a\000r\000e\000d}{paragraph*.66}% 112
\BOOKMARK [5][-]{subparagraph*.122}{\376\377\000p\000a\000r\000a\000m\000a\000g\000p\000y\000.\000m\000e\000t\000a\000l\000.\000M\000e\000t\000a\000l\000.\000g\000\137\000s\000b\000m\000\137\000r\0001}{paragraph*.66}% 113
\BOOKMARK [5][-]{subparagraph*.124}{\376\377\000p\000a\000r\000a\000m\000a\000g\000p\000y\000.\000m\000e\000t\000a\000l\000.\000M\000e\000t\000a\000l\000.\000g\000e\000t\000\137\000p\000a\000r\000a\000m\000s}{paragraph*.66}% 114
\BOOKMARK [5][-]{subparagraph*.126}{\376\377\000p\000a\000r\000a\000m\000a\000g\000p\000y\000.\000m\000e\000t\000a\000l\000.\000M\000e\000t\000a\000l\000.\000i\000n\000f\000o}{paragraph*.66}% 115
\BOOKMARK [5][-]{subparagraph*.128}{\376\377\000p\000a\000r\000a\000m\000a\000g\000p\000y\000.\000m\000e\000t\000a\000l\000.\000M\000e\000t\000a\000l\000.\000i\000s\000o\000m\000a\000p}{paragraph*.66}% 116
\BOOKMARK [5][-]{subparagraph*.130}{\376\377\000p\000a\000r\000a\000m\000a\000g\000p\000y\000.\000m\000e\000t\000a\000l\000.\000M\000e\000t\000a\000l\000.\000m\000a\000k\000e\000\137\000m\000e\000s\000h}{paragraph*.66}% 117
\BOOKMARK [5][-]{subparagraph*.132}{\376\377\000p\000a\000r\000a\000m\000a\000g\000p\000y\000.\000m\000e\000t\000a\000l\000.\000M\000e\000t\000a\000l\000.\000p\000c\000s}{paragraph*.66}% 118
\BOOKMARK [5][-]{subparagraph*.134}{\376\377\000p\000a\000r\000a\000m\000a\000g\000p\000y\000.\000m\000e\000t\000a\000l\000.\000M\000e\000t\000a\000l\000.\000p\000c\000s\000\137\000g\000r\000a\000d\000i\000e\000n\000t}{paragraph*.66}% 119
\BOOKMARK [5][-]{subparagraph*.136}{\376\377\000p\000a\000r\000a\000m\000a\000g\000p\000y\000.\000m\000e\000t\000a\000l\000.\000M\000e\000t\000a\000l\000.\000p\000c\000s\000\137\000m\000e\000s\000h}{paragraph*.66}% 120
\BOOKMARK [5][-]{subparagraph*.138}{\376\377\000p\000a\000r\000a\000m\000a\000g\000p\000y\000.\000m\000e\000t\000a\000l\000.\000M\000e\000t\000a\000l\000.\000p\000r\000e}{paragraph*.66}% 121
\BOOKMARK [5][-]{subparagraph*.140}{\376\377\000p\000a\000r\000a\000m\000a\000g\000p\000y\000.\000m\000e\000t\000a\000l\000.\000M\000e\000t\000a\000l\000.\000p\000r\000e\000\137\000m\000e\000s\000h}{paragraph*.66}% 122
\BOOKMARK [5][-]{subparagraph*.142}{\376\377\000p\000a\000r\000a\000m\000a\000g\000p\000y\000.\000m\000e\000t\000a\000l\000.\000M\000e\000t\000a\000l\000.\000r\000a\000c\000s}{paragraph*.66}% 123
\BOOKMARK [5][-]{subparagraph*.144}{\376\377\000p\000a\000r\000a\000m\000a\000g\000p\000y\000.\000m\000e\000t\000a\000l\000.\000M\000e\000t\000a\000l\000.\000r\000a\000d\000s}{paragraph*.66}% 124
\BOOKMARK [5][-]{subparagraph*.146}{\376\377\000p\000a\000r\000a\000m\000a\000g\000p\000y\000.\000m\000e\000t\000a\000l\000.\000M\000e\000t\000a\000l\000.\000r\000d\000c}{paragraph*.66}% 125
\BOOKMARK [5][-]{subparagraph*.148}{\376\377\000p\000a\000r\000a\000m\000a\000g\000p\000y\000.\000m\000e\000t\000a\000l\000.\000M\000e\000t\000a\000l\000.\000s\000a\000v\000e}{paragraph*.66}% 126
\BOOKMARK [5][-]{subparagraph*.150}{\376\377\000p\000a\000r\000a\000m\000a\000g\000p\000y\000.\000m\000e\000t\000a\000l\000.\000M\000e\000t\000a\000l\000.\000s\000b\000m\000\137\000r\0001}{paragraph*.66}% 127
\BOOKMARK [5][-]{subparagraph*.152}{\376\377\000p\000a\000r\000a\000m\000a\000g\000p\000y\000.\000m\000e\000t\000a\000l\000.\000M\000e\000t\000a\000l\000.\000s\000b\000m\000\137\000r\0002}{paragraph*.66}% 128
\BOOKMARK [5][-]{subparagraph*.154}{\376\377\000p\000a\000r\000a\000m\000a\000g\000p\000y\000.\000m\000e\000t\000a\000l\000.\000M\000e\000t\000a\000l\000.\000s\000e\000c\000o\000n\000d\000\137\000i\000n\000v\000a\000r\000i\000a\000n\000t\000\137\000s\000q\000u\000a\000r\000e\000d}{paragraph*.66}% 129
\BOOKMARK [5][-]{subparagraph*.156}{\376\377\000p\000a\000r\000a\000m\000a\000g\000p\000y\000.\000m\000e\000t\000a\000l\000.\000M\000e\000t\000a\000l\000.\000s\000e\000t\000\137\000J\000g}{paragraph*.66}% 130
\BOOKMARK [5][-]{subparagraph*.158}{\376\377\000p\000a\000r\000a\000m\000a\000g\000p\000y\000.\000m\000e\000t\000a\000l\000.\000M\000e\000t\000a\000l\000.\000s\000e\000t\000\137\000l\000a\000n\000t\000h\000a\000n\000i\000d\000e}{paragraph*.66}% 131
\BOOKMARK [5][-]{subparagraph*.160}{\376\377\000p\000a\000r\000a\000m\000a\000g\000p\000y\000.\000m\000e\000t\000a\000l\000.\000M\000e\000t\000a\000l\000.\000s\000e\000t\000\137\000p\000a\000r\000a\000m\000s}{paragraph*.66}% 132
\BOOKMARK [5][-]{subparagraph*.162}{\376\377\000p\000a\000r\000a\000m\000a\000g\000p\000y\000.\000m\000e\000t\000a\000l\000.\000M\000e\000t\000a\000l\000.\000s\000e\000t\000\137\000u\000t\000r}{paragraph*.66}% 133
\BOOKMARK [5][-]{subparagraph*.164}{\376\377\000p\000a\000r\000a\000m\000a\000g\000p\000y\000.\000m\000e\000t\000a\000l\000.\000M\000e\000t\000a\000l\000.\000s\000p\000e\000c\000\137\000d\000e\000n\000s}{paragraph*.66}% 134
\BOOKMARK [5][-]{subparagraph*.166}{\376\377\000p\000a\000r\000a\000m\000a\000g\000p\000y\000.\000m\000e\000t\000a\000l\000.\000M\000e\000t\000a\000l\000.\000w\000r\000i\000t\000e\000\137\000i\000s\000o\000m\000a\000p}{paragraph*.66}% 135
\BOOKMARK [5][-]{subparagraph*.168}{\376\377\000p\000a\000r\000a\000m\000a\000g\000p\000y\000.\000m\000e\000t\000a\000l\000.\000M\000e\000t\000a\000l\000.\000w\000r\000i\000t\000e\000\137\000p\000y\000m\000o\000l\000\137\000s\000c\000r\000i\000p\000t}{paragraph*.66}% 136
\BOOKMARK [5][-]{subparagraph*.170}{\376\377\000p\000a\000r\000a\000m\000a\000g\000p\000y\000.\000m\000e\000t\000a\000l\000.\000M\000e\000t\000a\000l\000.\000B\0000\000\137\000M\000H\000z}{paragraph*.66}% 137
\BOOKMARK [5][-]{subparagraph*.172}{\376\377\000p\000a\000r\000a\000m\000a\000g\000p\000y\000.\000m\000e\000t\000a\000l\000.\000M\000e\000t\000a\000l\000.\000G\000A\000M\000M\000A}{paragraph*.66}% 138
\BOOKMARK [5][-]{subparagraph*.174}{\376\377\000p\000a\000r\000a\000m\000a\000g\000p\000y\000.\000m\000e\000t\000a\000l\000.\000M\000e\000t\000a\000l\000.\000H\000B\000A\000R}{paragraph*.66}% 139
\BOOKMARK [5][-]{subparagraph*.176}{\376\377\000p\000a\000r\000a\000m\000a\000g\000p\000y\000.\000m\000e\000t\000a\000l\000.\000M\000e\000t\000a\000l\000.\000K}{paragraph*.66}% 140
\BOOKMARK [5][-]{subparagraph*.178}{\376\377\000p\000a\000r\000a\000m\000a\000g\000p\000y\000.\000m\000e\000t\000a\000l\000.\000M\000e\000t\000a\000l\000.\000M\000U\0000}{paragraph*.66}% 141
\BOOKMARK [5][-]{subparagraph*.180}{\376\377\000p\000a\000r\000a\000m\000a\000g\000p\000y\000.\000m\000e\000t\000a\000l\000.\000M\000e\000t\000a\000l\000.\000M\000U\000B}{paragraph*.66}% 142
\BOOKMARK [5][-]{subparagraph*.182}{\376\377\000p\000a\000r\000a\000m\000a\000g\000p\000y\000.\000m\000e\000t\000a\000l\000.\000M\000e\000t\000a\000l\000.\000a}{paragraph*.66}% 143
\BOOKMARK [5][-]{subparagraph*.184}{\376\377\000p\000a\000r\000a\000m\000a\000g\000p\000y\000.\000m\000e\000t\000a\000l\000.\000M\000e\000t\000a\000l\000.\000a\000l\000i\000g\000n\000m\000e\000n\000t\000\137\000f\000a\000c\000t\000o\000r}{paragraph*.66}% 144
\BOOKMARK [5][-]{subparagraph*.186}{\376\377\000p\000a\000r\000a\000m\000a\000g\000p\000y\000.\000m\000e\000t\000a\000l\000.\000M\000e\000t\000a\000l\000.\000a\000x}{paragraph*.66}% 145
\BOOKMARK [5][-]{subparagraph*.188}{\376\377\000p\000a\000r\000a\000m\000a\000g\000p\000y\000.\000m\000e\000t\000a\000l\000.\000M\000e\000t\000a\000l\000.\000b}{paragraph*.66}% 146
\BOOKMARK [5][-]{subparagraph*.190}{\376\377\000p\000a\000r\000a\000m\000a\000g\000p\000y\000.\000m\000e\000t\000a\000l\000.\000M\000e\000t\000a\000l\000.\000e\000i\000g\000e\000n\000v\000a\000l\000u\000e\000s}{paragraph*.66}% 147
\BOOKMARK [5][-]{subparagraph*.192}{\376\377\000p\000a\000r\000a\000m\000a\000g\000p\000y\000.\000m\000e\000t\000a\000l\000.\000M\000e\000t\000a\000l\000.\000f\000i\000t\000\137\000s\000c\000a\000l\000i\000n\000g}{paragraph*.66}% 148
\BOOKMARK [5][-]{subparagraph*.194}{\376\377\000p\000a\000r\000a\000m\000a\000g\000p\000y\000.\000m\000e\000t\000a\000l\000.\000M\000e\000t\000a\000l\000.\000f\000u\000n\000d\000a\000m\000e\000n\000t\000a\000l\000\137\000a\000t\000t\000r\000i\000b\000u\000t\000e\000s}{paragraph*.66}% 149
\BOOKMARK [5][-]{subparagraph*.196}{\376\377\000p\000a\000r\000a\000m\000a\000g\000p\000y\000.\000m\000e\000t\000a\000l\000.\000M\000e\000t\000a\000l\000.\000g}{paragraph*.66}% 150
\BOOKMARK [5][-]{subparagraph*.198}{\376\377\000p\000a\000r\000a\000m\000a\000g\000p\000y\000.\000m\000e\000t\000a\000l\000.\000M\000e\000t\000a\000l\000.\000g\000\137\000e\000i\000g\000e\000n\000v\000a\000l\000u\000e\000s}{paragraph*.66}% 151
\BOOKMARK [5][-]{subparagraph*.200}{\376\377\000p\000a\000r\000a\000m\000a\000g\000p\000y\000.\000m\000e\000t\000a\000l\000.\000M\000e\000t\000a\000l\000.\000g\000\137\000i\000s\000o\000t\000r\000o\000p\000y}{paragraph*.66}% 152
\BOOKMARK [5][-]{subparagraph*.202}{\376\377\000p\000a\000r\000a\000m\000a\000g\000p\000y\000.\000m\000e\000t\000a\000l\000.\000M\000e\000t\000a\000l\000.\000g\000\137\000t\000e\000n\000s\000o\000r}{paragraph*.66}% 153
\BOOKMARK [5][-]{subparagraph*.204}{\376\377\000p\000a\000r\000a\000m\000a\000g\000p\000y\000.\000m\000e\000t\000a\000l\000.\000M\000e\000t\000a\000l\000.\000g\000a\000x}{paragraph*.66}% 154
\BOOKMARK [5][-]{subparagraph*.206}{\376\377\000p\000a\000r\000a\000m\000a\000g\000p\000y\000.\000m\000e\000t\000a\000l\000.\000M\000e\000t\000a\000l\000.\000g\000r\000h}{paragraph*.66}% 155
\BOOKMARK [5][-]{subparagraph*.208}{\376\377\000p\000a\000r\000a\000m\000a\000g\000p\000y\000.\000m\000e\000t\000a\000l\000.\000M\000e\000t\000a\000l\000.\000i\000s\000o}{paragraph*.66}% 156
\BOOKMARK [5][-]{subparagraph*.210}{\376\377\000p\000a\000r\000a\000m\000a\000g\000p\000y\000.\000m\000e\000t\000a\000l\000.\000M\000e\000t\000a\000l\000.\000i\000s\000o\000t\000r\000o\000p\000y}{paragraph*.66}% 157
\BOOKMARK [5][-]{subparagraph*.212}{\376\377\000p\000a\000r\000a\000m\000a\000g\000p\000y\000.\000m\000e\000t\000a\000l\000.\000M\000e\000t\000a\000l\000.\000l\000a\000n\000t\000h\000\137\000a\000x\000r\000h}{paragraph*.66}% 158
\BOOKMARK [5][-]{subparagraph*.214}{\376\377\000p\000a\000r\000a\000m\000a\000g\000p\000y\000.\000m\000e\000t\000a\000l\000.\000M\000e\000t\000a\000l\000.\000l\000a\000n\000t\000h\000\137\000l\000i\000b}{paragraph*.66}% 159
\BOOKMARK [5][-]{subparagraph*.216}{\376\377\000p\000a\000r\000a\000m\000a\000g\000p\000y\000.\000m\000e\000t\000a\000l\000.\000M\000e\000t\000a\000l\000.\000l\000o\000w\000e\000r\000\137\000c\000o\000o\000r\000d\000s}{paragraph*.66}% 160
\BOOKMARK [5][-]{subparagraph*.218}{\376\377\000p\000a\000r\000a\000m\000a\000g\000p\000y\000.\000m\000e\000t\000a\000l\000.\000M\000e\000t\000a\000l\000.\000r\000h}{paragraph*.66}% 161
\BOOKMARK [5][-]{subparagraph*.220}{\376\377\000p\000a\000r\000a\000m\000a\000g\000p\000y\000.\000m\000e\000t\000a\000l\000.\000M\000e\000t\000a\000l\000.\000r\000o\000t\000a\000t\000i\000o\000n\000M\000a\000t\000r\000i\000x}{paragraph*.66}% 162
\BOOKMARK [5][-]{subparagraph*.222}{\376\377\000p\000a\000r\000a\000m\000a\000g\000p\000y\000.\000m\000e\000t\000a\000l\000.\000M\000e\000t\000a\000l\000.\000s\000a\000u\000p\000e\000\137\000f\000a\000c\000t\000o\000r}{paragraph*.66}% 163
\BOOKMARK [5][-]{subparagraph*.224}{\376\377\000p\000a\000r\000a\000m\000a\000g\000p\000y\000.\000m\000e\000t\000a\000l\000.\000M\000e\000t\000a\000l\000.\000t\000a\000u\000c}{paragraph*.66}% 164
\BOOKMARK [5][-]{subparagraph*.226}{\376\377\000p\000a\000r\000a\000m\000a\000g\000p\000y\000.\000m\000e\000t\000a\000l\000.\000M\000e\000t\000a\000l\000.\000t\000e\000n\000s\000o\000r}{paragraph*.66}% 165
\BOOKMARK [5][-]{subparagraph*.228}{\376\377\000p\000a\000r\000a\000m\000a\000g\000p\000y\000.\000m\000e\000t\000a\000l\000.\000M\000e\000t\000a\000l\000.\000t\000e\000n\000s\000o\000r\000\137\000a\000l\000i\000g\000n\000m\000e\000n\000t}{paragraph*.66}% 166
\BOOKMARK [5][-]{subparagraph*.230}{\376\377\000p\000a\000r\000a\000m\000a\000g\000p\000y\000.\000m\000e\000t\000a\000l\000.\000M\000e\000t\000a\000l\000.\000t\000e\000n\000s\000o\000r\000\137\000s\000a\000u\000p\000e}{paragraph*.66}% 167
\BOOKMARK [5][-]{subparagraph*.232}{\376\377\000p\000a\000r\000a\000m\000a\000g\000p\000y\000.\000m\000e\000t\000a\000l\000.\000M\000e\000t\000a\000l\000.\000t\000e\000n\000s\000o\000r\000\137\000t\000r\000a\000c\000e\000l\000e\000s\000s}{paragraph*.66}% 168
\BOOKMARK [5][-]{subparagraph*.234}{\376\377\000p\000a\000r\000a\000m\000a\000g\000p\000y\000.\000m\000e\000t\000a\000l\000.\000M\000e\000t\000a\000l\000.\000u\000p\000p\000e\000r\000\137\000c\000o\000o\000r\000d\000s}{paragraph*.66}% 169
\BOOKMARK [5][-]{subparagraph*.236}{\376\377\000p\000a\000r\000a\000m\000a\000g\000p\000y\000.\000m\000e\000t\000a\000l\000.\000M\000e\000t\000a\000l\000.\000u\000p\000p\000e\000r\000\137\000t\000r\000i\000a\000n\000g}{paragraph*.66}% 170
\BOOKMARK [5][-]{subparagraph*.238}{\376\377\000p\000a\000r\000a\000m\000a\000g\000p\000y\000.\000m\000e\000t\000a\000l\000.\000M\000e\000t\000a\000l\000.\000u\000p\000p\000e\000r\000\137\000t\000r\000i\000a\000n\000g\000\137\000a\000l\000i\000g\000n\000m\000e\000n\000t}{paragraph*.66}% 171
\BOOKMARK [5][-]{subparagraph*.240}{\376\377\000p\000a\000r\000a\000m\000a\000g\000p\000y\000.\000m\000e\000t\000a\000l\000.\000M\000e\000t\000a\000l\000.\000u\000p\000p\000e\000r\000\137\000t\000r\000i\000a\000n\000g\000\137\000s\000a\000u\000p\000e}{paragraph*.66}% 172
\BOOKMARK [5][-]{subparagraph*.242}{\376\377\000p\000a\000r\000a\000m\000a\000g\000p\000y\000.\000m\000e\000t\000a\000l\000.\000M\000e\000t\000a\000l\000.\000x}{paragraph*.66}% 173
\BOOKMARK [5][-]{subparagraph*.244}{\376\377\000p\000a\000r\000a\000m\000a\000g\000p\000y\000.\000m\000e\000t\000a\000l\000.\000M\000e\000t\000a\000l\000.\000y}{paragraph*.66}% 174
\BOOKMARK [5][-]{subparagraph*.246}{\376\377\000p\000a\000r\000a\000m\000a\000g\000p\000y\000.\000m\000e\000t\000a\000l\000.\000M\000e\000t\000a\000l\000.\000z}{paragraph*.66}% 175
\BOOKMARK [2][-]{subsection.5.6.2}{\376\377\000P\000r\000o\000t\000e\000i\000n\000\040\000m\000o\000d\000u\000l\000e}{section.5.6}% 176
\BOOKMARK [3][-]{subsubsection*.248}{\376\377\000p\000a\000r\000a\000m\000a\000g\000p\000y\000.\000p\000r\000o\000t\000e\000i\000n}{subsection.5.6.2}% 177
\BOOKMARK [4][-]{paragraph*.249}{\376\377\000F\000u\000n\000c\000t\000i\000o\000n\000s}{subsubsection*.248}% 178
\BOOKMARK [5][-]{subparagraph*.250}{\376\377\000p\000a\000r\000a\000m\000a\000g\000p\000y\000.\000p\000r\000o\000t\000e\000i\000n\000.\000l\000o\000a\000d\000\137\000p\000d\000b}{paragraph*.249}% 179
\BOOKMARK [5][-]{subparagraph*.252}{\376\377\000p\000a\000r\000a\000m\000a\000g\000p\000y\000.\000p\000r\000o\000t\000e\000i\000n\000.\000r\000o\000t\000a\000t\000i\000o\000n\000\137\000m\000a\000t\000r\000i\000x}{paragraph*.249}% 180
\BOOKMARK [4][-]{paragraph*.254}{\376\377\000C\000l\000a\000s\000s\000e\000s}{subsubsection*.248}% 181
\BOOKMARK [5][-]{subparagraph*.255}{\376\377\000p\000a\000r\000a\000m\000a\000g\000p\000y\000.\000p\000r\000o\000t\000e\000i\000n\000.\000C\000u\000s\000t\000o\000m\000A\000t\000o\000m}{paragraph*.254}% 182
\BOOKMARK [5][-]{subparagraph*.258}{\376\377\000p\000a\000r\000a\000m\000a\000g\000p\000y\000.\000p\000r\000o\000t\000e\000i\000n\000.\000C\000u\000s\000t\000o\000m\000A\000t\000o\000m\000.\000c\000o\000p\000y}{paragraph*.254}% 183
\BOOKMARK [5][-]{subparagraph*.260}{\376\377\000p\000a\000r\000a\000m\000a\000g\000p\000y\000.\000p\000r\000o\000t\000e\000i\000n\000.\000C\000u\000s\000t\000o\000m\000A\000t\000o\000m\000.\000d\000e\000t\000a\000c\000h\000\137\000p\000a\000r\000e\000n\000t}{paragraph*.254}% 184
\BOOKMARK [5][-]{subparagraph*.262}{\376\377\000p\000a\000r\000a\000m\000a\000g\000p\000y\000.\000p\000r\000o\000t\000e\000i\000n\000.\000C\000u\000s\000t\000o\000m\000A\000t\000o\000m\000.\000d\000i\000p\000o\000l\000e\000\137\000s\000h\000i\000f\000t\000\137\000t\000e\000n\000s\000o\000r}{paragraph*.254}% 185
\BOOKMARK [5][-]{subparagraph*.264}{\376\377\000p\000a\000r\000a\000m\000a\000g\000p\000y\000.\000p\000r\000o\000t\000e\000i\000n\000.\000C\000u\000s\000t\000o\000m\000A\000t\000o\000m\000.\000f\000l\000a\000g\000\137\000d\000i\000s\000o\000r\000d\000e\000r}{paragraph*.254}% 186
\BOOKMARK [5][-]{subparagraph*.266}{\376\377\000p\000a\000r\000a\000m\000a\000g\000p\000y\000.\000p\000r\000o\000t\000e\000i\000n\000.\000C\000u\000s\000t\000o\000m\000A\000t\000o\000m\000.\000g\000e\000t\000\137\000a\000l\000t\000l\000o\000c}{paragraph*.254}% 187
\BOOKMARK [5][-]{subparagraph*.268}{\376\377\000p\000a\000r\000a\000m\000a\000g\000p\000y\000.\000p\000r\000o\000t\000e\000i\000n\000.\000C\000u\000s\000t\000o\000m\000A\000t\000o\000m\000.\000g\000e\000t\000\137\000a\000n\000i\000s\000o\000u}{paragraph*.254}% 188
\BOOKMARK [5][-]{subparagraph*.270}{\376\377\000p\000a\000r\000a\000m\000a\000g\000p\000y\000.\000p\000r\000o\000t\000e\000i\000n\000.\000C\000u\000s\000t\000o\000m\000A\000t\000o\000m\000.\000g\000e\000t\000\137\000b\000f\000a\000c\000t\000o\000r}{paragraph*.254}% 189
\BOOKMARK [5][-]{subparagraph*.272}{\376\377\000p\000a\000r\000a\000m\000a\000g\000p\000y\000.\000p\000r\000o\000t\000e\000i\000n\000.\000C\000u\000s\000t\000o\000m\000A\000t\000o\000m\000.\000g\000e\000t\000\137\000c\000h\000a\000r\000g\000e}{paragraph*.254}% 190
\BOOKMARK [5][-]{subparagraph*.274}{\376\377\000p\000a\000r\000a\000m\000a\000g\000p\000y\000.\000p\000r\000o\000t\000e\000i\000n\000.\000C\000u\000s\000t\000o\000m\000A\000t\000o\000m\000.\000g\000e\000t\000\137\000c\000o\000o\000r\000d}{paragraph*.254}% 191
\BOOKMARK [5][-]{subparagraph*.276}{\376\377\000p\000a\000r\000a\000m\000a\000g\000p\000y\000.\000p\000r\000o\000t\000e\000i\000n\000.\000C\000u\000s\000t\000o\000m\000A\000t\000o\000m\000.\000g\000e\000t\000\137\000f\000u\000l\000l\000\137\000i\000d}{paragraph*.254}% 192
\BOOKMARK [5][-]{subparagraph*.278}{\376\377\000p\000a\000r\000a\000m\000a\000g\000p\000y\000.\000p\000r\000o\000t\000e\000i\000n\000.\000C\000u\000s\000t\000o\000m\000A\000t\000o\000m\000.\000g\000e\000t\000\137\000f\000u\000l\000l\000n\000a\000m\000e}{paragraph*.254}% 193
\BOOKMARK [5][-]{subparagraph*.280}{\376\377\000p\000a\000r\000a\000m\000a\000g\000p\000y\000.\000p\000r\000o\000t\000e\000i\000n\000.\000C\000u\000s\000t\000o\000m\000A\000t\000o\000m\000.\000g\000e\000t\000\137\000i\000d}{paragraph*.254}% 194
\BOOKMARK [5][-]{subparagraph*.282}{\376\377\000p\000a\000r\000a\000m\000a\000g\000p\000y\000.\000p\000r\000o\000t\000e\000i\000n\000.\000C\000u\000s\000t\000o\000m\000A\000t\000o\000m\000.\000g\000e\000t\000\137\000l\000e\000v\000e\000l}{paragraph*.254}% 195
\BOOKMARK [5][-]{subparagraph*.284}{\376\377\000p\000a\000r\000a\000m\000a\000g\000p\000y\000.\000p\000r\000o\000t\000e\000i\000n\000.\000C\000u\000s\000t\000o\000m\000A\000t\000o\000m\000.\000g\000e\000t\000\137\000n\000a\000m\000e}{paragraph*.254}% 196
\BOOKMARK [5][-]{subparagraph*.286}{\376\377\000p\000a\000r\000a\000m\000a\000g\000p\000y\000.\000p\000r\000o\000t\000e\000i\000n\000.\000C\000u\000s\000t\000o\000m\000A\000t\000o\000m\000.\000g\000e\000t\000\137\000o\000c\000c\000u\000p\000a\000n\000c\000y}{paragraph*.254}% 197
\BOOKMARK [5][-]{subparagraph*.288}{\376\377\000p\000a\000r\000a\000m\000a\000g\000p\000y\000.\000p\000r\000o\000t\000e\000i\000n\000.\000C\000u\000s\000t\000o\000m\000A\000t\000o\000m\000.\000g\000e\000t\000\137\000p\000a\000r\000e\000n\000t}{paragraph*.254}% 198
\BOOKMARK [5][-]{subparagraph*.290}{\376\377\000p\000a\000r\000a\000m\000a\000g\000p\000y\000.\000p\000r\000o\000t\000e\000i\000n\000.\000C\000u\000s\000t\000o\000m\000A\000t\000o\000m\000.\000g\000e\000t\000\137\000r\000a\000d\000i\000u\000s}{paragraph*.254}% 199
\BOOKMARK [5][-]{subparagraph*.292}{\376\377\000p\000a\000r\000a\000m\000a\000g\000p\000y\000.\000p\000r\000o\000t\000e\000i\000n\000.\000C\000u\000s\000t\000o\000m\000A\000t\000o\000m\000.\000g\000e\000t\000\137\000s\000e\000r\000i\000a\000l\000\137\000n\000u\000m\000b\000e\000r}{paragraph*.254}% 200
\BOOKMARK [5][-]{subparagraph*.294}{\376\377\000p\000a\000r\000a\000m\000a\000g\000p\000y\000.\000p\000r\000o\000t\000e\000i\000n\000.\000C\000u\000s\000t\000o\000m\000A\000t\000o\000m\000.\000g\000e\000t\000\137\000s\000i\000g\000a\000t\000m}{paragraph*.254}% 201
\BOOKMARK [5][-]{subparagraph*.296}{\376\377\000p\000a\000r\000a\000m\000a\000g\000p\000y\000.\000p\000r\000o\000t\000e\000i\000n\000.\000C\000u\000s\000t\000o\000m\000A\000t\000o\000m\000.\000g\000e\000t\000\137\000s\000i\000g\000u\000i\000j}{paragraph*.254}% 202
\BOOKMARK [5][-]{subparagraph*.298}{\376\377\000p\000a\000r\000a\000m\000a\000g\000p\000y\000.\000p\000r\000o\000t\000e\000i\000n\000.\000C\000u\000s\000t\000o\000m\000A\000t\000o\000m\000.\000g\000e\000t\000\137\000v\000e\000c\000t\000o\000r}{paragraph*.254}% 203
\BOOKMARK [5][-]{subparagraph*.300}{\376\377\000p\000a\000r\000a\000m\000a\000g\000p\000y\000.\000p\000r\000o\000t\000e\000i\000n\000.\000C\000u\000s\000t\000o\000m\000A\000t\000o\000m\000.\000i\000s\000\137\000d\000i\000s\000o\000r\000d\000e\000r\000e\000d}{paragraph*.254}% 204
\BOOKMARK [5][-]{subparagraph*.302}{\376\377\000p\000a\000r\000a\000m\000a\000g\000p\000y\000.\000p\000r\000o\000t\000e\000i\000n\000.\000C\000u\000s\000t\000o\000m\000A\000t\000o\000m\000.\000s\000e\000t\000\137\000a\000l\000t\000l\000o\000c}{paragraph*.254}% 205
\BOOKMARK [5][-]{subparagraph*.304}{\376\377\000p\000a\000r\000a\000m\000a\000g\000p\000y\000.\000p\000r\000o\000t\000e\000i\000n\000.\000C\000u\000s\000t\000o\000m\000A\000t\000o\000m\000.\000s\000e\000t\000\137\000a\000n\000i\000s\000o\000u}{paragraph*.254}% 206
\BOOKMARK [5][-]{subparagraph*.306}{\376\377\000p\000a\000r\000a\000m\000a\000g\000p\000y\000.\000p\000r\000o\000t\000e\000i\000n\000.\000C\000u\000s\000t\000o\000m\000A\000t\000o\000m\000.\000s\000e\000t\000\137\000b\000f\000a\000c\000t\000o\000r}{paragraph*.254}% 207
\BOOKMARK [5][-]{subparagraph*.308}{\376\377\000p\000a\000r\000a\000m\000a\000g\000p\000y\000.\000p\000r\000o\000t\000e\000i\000n\000.\000C\000u\000s\000t\000o\000m\000A\000t\000o\000m\000.\000s\000e\000t\000\137\000c\000h\000a\000r\000g\000e}{paragraph*.254}% 208
\BOOKMARK [5][-]{subparagraph*.310}{\376\377\000p\000a\000r\000a\000m\000a\000g\000p\000y\000.\000p\000r\000o\000t\000e\000i\000n\000.\000C\000u\000s\000t\000o\000m\000A\000t\000o\000m\000.\000s\000e\000t\000\137\000c\000o\000o\000r\000d}{paragraph*.254}% 209
\BOOKMARK [5][-]{subparagraph*.312}{\376\377\000p\000a\000r\000a\000m\000a\000g\000p\000y\000.\000p\000r\000o\000t\000e\000i\000n\000.\000C\000u\000s\000t\000o\000m\000A\000t\000o\000m\000.\000s\000e\000t\000\137\000o\000c\000c\000u\000p\000a\000n\000c\000y}{paragraph*.254}% 210
\BOOKMARK [5][-]{subparagraph*.314}{\376\377\000p\000a\000r\000a\000m\000a\000g\000p\000y\000.\000p\000r\000o\000t\000e\000i\000n\000.\000C\000u\000s\000t\000o\000m\000A\000t\000o\000m\000.\000s\000e\000t\000\137\000p\000a\000r\000e\000n\000t}{paragraph*.254}% 211
\BOOKMARK [5][-]{subparagraph*.316}{\376\377\000p\000a\000r\000a\000m\000a\000g\000p\000y\000.\000p\000r\000o\000t\000e\000i\000n\000.\000C\000u\000s\000t\000o\000m\000A\000t\000o\000m\000.\000s\000e\000t\000\137\000r\000a\000d\000i\000u\000s}{paragraph*.254}% 212
\BOOKMARK [5][-]{subparagraph*.318}{\376\377\000p\000a\000r\000a\000m\000a\000g\000p\000y\000.\000p\000r\000o\000t\000e\000i\000n\000.\000C\000u\000s\000t\000o\000m\000A\000t\000o\000m\000.\000s\000e\000t\000\137\000s\000e\000r\000i\000a\000l\000\137\000n\000u\000m\000b\000e\000r}{paragraph*.254}% 213
\BOOKMARK [5][-]{subparagraph*.320}{\376\377\000p\000a\000r\000a\000m\000a\000g\000p\000y\000.\000p\000r\000o\000t\000e\000i\000n\000.\000C\000u\000s\000t\000o\000m\000A\000t\000o\000m\000.\000s\000e\000t\000\137\000s\000i\000g\000a\000t\000m}{paragraph*.254}% 214
\BOOKMARK [5][-]{subparagraph*.322}{\376\377\000p\000a\000r\000a\000m\000a\000g\000p\000y\000.\000p\000r\000o\000t\000e\000i\000n\000.\000C\000u\000s\000t\000o\000m\000A\000t\000o\000m\000.\000s\000e\000t\000\137\000s\000i\000g\000u\000i\000j}{paragraph*.254}% 215
\BOOKMARK [5][-]{subparagraph*.324}{\376\377\000p\000a\000r\000a\000m\000a\000g\000p\000y\000.\000p\000r\000o\000t\000e\000i\000n\000.\000C\000u\000s\000t\000o\000m\000A\000t\000o\000m\000.\000t\000o\000p}{paragraph*.254}% 216
\BOOKMARK [5][-]{subparagraph*.326}{\376\377\000p\000a\000r\000a\000m\000a\000g\000p\000y\000.\000p\000r\000o\000t\000e\000i\000n\000.\000C\000u\000s\000t\000o\000m\000A\000t\000o\000m\000.\000t\000r\000a\000n\000s\000f\000o\000r\000m}{paragraph*.254}% 217
\BOOKMARK [5][-]{subparagraph*.328}{\376\377\000p\000a\000r\000a\000m\000a\000g\000p\000y\000.\000p\000r\000o\000t\000e\000i\000n\000.\000C\000u\000s\000t\000o\000m\000A\000t\000o\000m\000.\000H\000B\000A\000R}{paragraph*.254}% 218
\BOOKMARK [5][-]{subparagraph*.330}{\376\377\000p\000a\000r\000a\000m\000a\000g\000p\000y\000.\000p\000r\000o\000t\000e\000i\000n\000.\000C\000u\000s\000t\000o\000m\000A\000t\000o\000m\000.\000M\000U\0000}{paragraph*.254}% 219
\BOOKMARK [5][-]{subparagraph*.332}{\376\377\000p\000a\000r\000a\000m\000a\000g\000p\000y\000.\000p\000r\000o\000t\000e\000i\000n\000.\000C\000u\000s\000t\000o\000m\000A\000t\000o\000m\000.\000c\000s\000a}{paragraph*.254}% 220
\BOOKMARK [5][-]{subparagraph*.334}{\376\377\000p\000a\000r\000a\000m\000a\000g\000p\000y\000.\000p\000r\000o\000t\000e\000i\000n\000.\000C\000u\000s\000t\000o\000m\000A\000t\000o\000m\000.\000c\000s\000a\000\137\000l\000i\000b}{paragraph*.254}% 221
\BOOKMARK [5][-]{subparagraph*.336}{\376\377\000p\000a\000r\000a\000m\000a\000g\000p\000y\000.\000p\000r\000o\000t\000e\000i\000n\000.\000C\000u\000s\000t\000o\000m\000A\000t\000o\000m\000.\000g\000y\000r\000o\000\137\000l\000i\000b}{paragraph*.254}% 222
\BOOKMARK [5][-]{subparagraph*.338}{\376\377\000p\000a\000r\000a\000m\000a\000g\000p\000y\000.\000p\000r\000o\000t\000e\000i\000n\000.\000C\000u\000s\000t\000o\000m\000A\000t\000o\000m\000.\000p\000o\000s\000i\000t\000i\000o\000n}{paragraph*.254}% 223
\BOOKMARK [5][-]{subparagraph*.340}{\376\377\000p\000a\000r\000a\000m\000a\000g\000p\000y\000.\000p\000r\000o\000t\000e\000i\000n\000.\000C\000u\000s\000t\000o\000m\000S\000t\000r\000u\000c\000t\000u\000r\000e}{paragraph*.254}% 224
\BOOKMARK [5][-]{subparagraph*.343}{\376\377\000p\000a\000r\000a\000m\000a\000g\000p\000y\000.\000p\000r\000o\000t\000e\000i\000n\000.\000C\000u\000s\000t\000o\000m\000S\000t\000r\000u\000c\000t\000u\000r\000e\000.\000a\000d\000d}{paragraph*.254}% 225
\BOOKMARK [5][-]{subparagraph*.345}{\376\377\000p\000a\000r\000a\000m\000a\000g\000p\000y\000.\000p\000r\000o\000t\000e\000i\000n\000.\000C\000u\000s\000t\000o\000m\000S\000t\000r\000u\000c\000t\000u\000r\000e\000.\000a\000t\000o\000m\000\137\000t\000o\000\137\000i\000n\000t\000e\000r\000n\000a\000l\000\137\000c\000o\000o\000r\000d\000i\000n\000a\000t\000e\000s}{paragraph*.254}% 226
\BOOKMARK [5][-]{subparagraph*.347}{\376\377\000p\000a\000r\000a\000m\000a\000g\000p\000y\000.\000p\000r\000o\000t\000e\000i\000n\000.\000C\000u\000s\000t\000o\000m\000S\000t\000r\000u\000c\000t\000u\000r\000e\000.\000c\000e\000n\000t\000e\000r\000\137\000o\000f\000\137\000m\000a\000s\000s}{paragraph*.254}% 227
\BOOKMARK [5][-]{subparagraph*.349}{\376\377\000p\000a\000r\000a\000m\000a\000g\000p\000y\000.\000p\000r\000o\000t\000e\000i\000n\000.\000C\000u\000s\000t\000o\000m\000S\000t\000r\000u\000c\000t\000u\000r\000e\000.\000c\000o\000p\000y}{paragraph*.254}% 228
\BOOKMARK [5][-]{subparagraph*.351}{\376\377\000p\000a\000r\000a\000m\000a\000g\000p\000y\000.\000p\000r\000o\000t\000e\000i\000n\000.\000C\000u\000s\000t\000o\000m\000S\000t\000r\000u\000c\000t\000u\000r\000e\000.\000d\000e\000t\000a\000c\000h\000\137\000c\000h\000i\000l\000d}{paragraph*.254}% 229
\BOOKMARK [5][-]{subparagraph*.353}{\376\377\000p\000a\000r\000a\000m\000a\000g\000p\000y\000.\000p\000r\000o\000t\000e\000i\000n\000.\000C\000u\000s\000t\000o\000m\000S\000t\000r\000u\000c\000t\000u\000r\000e\000.\000d\000e\000t\000a\000c\000h\000\137\000p\000a\000r\000e\000n\000t}{paragraph*.254}% 230
\BOOKMARK [5][-]{subparagraph*.355}{\376\377\000p\000a\000r\000a\000m\000a\000g\000p\000y\000.\000p\000r\000o\000t\000e\000i\000n\000.\000C\000u\000s\000t\000o\000m\000S\000t\000r\000u\000c\000t\000u\000r\000e\000.\000g\000e\000t\000\137\000a\000t\000o\000m\000s}{paragraph*.254}% 231
\BOOKMARK [5][-]{subparagraph*.357}{\376\377\000p\000a\000r\000a\000m\000a\000g\000p\000y\000.\000p\000r\000o\000t\000e\000i\000n\000.\000C\000u\000s\000t\000o\000m\000S\000t\000r\000u\000c\000t\000u\000r\000e\000.\000g\000e\000t\000\137\000c\000h\000a\000i\000n\000s}{paragraph*.254}% 232
\BOOKMARK [5][-]{subparagraph*.359}{\376\377\000p\000a\000r\000a\000m\000a\000g\000p\000y\000.\000p\000r\000o\000t\000e\000i\000n\000.\000C\000u\000s\000t\000o\000m\000S\000t\000r\000u\000c\000t\000u\000r\000e\000.\000g\000e\000t\000\137\000f\000u\000l\000l\000\137\000i\000d}{paragraph*.254}% 233
\BOOKMARK [5][-]{subparagraph*.361}{\376\377\000p\000a\000r\000a\000m\000a\000g\000p\000y\000.\000p\000r\000o\000t\000e\000i\000n\000.\000C\000u\000s\000t\000o\000m\000S\000t\000r\000u\000c\000t\000u\000r\000e\000.\000g\000e\000t\000\137\000i\000d}{paragraph*.254}% 234
\BOOKMARK [5][-]{subparagraph*.363}{\376\377\000p\000a\000r\000a\000m\000a\000g\000p\000y\000.\000p\000r\000o\000t\000e\000i\000n\000.\000C\000u\000s\000t\000o\000m\000S\000t\000r\000u\000c\000t\000u\000r\000e\000.\000g\000e\000t\000\137\000i\000t\000e\000r\000a\000t\000o\000r}{paragraph*.254}% 235
\BOOKMARK [5][-]{subparagraph*.365}{\376\377\000p\000a\000r\000a\000m\000a\000g\000p\000y\000.\000p\000r\000o\000t\000e\000i\000n\000.\000C\000u\000s\000t\000o\000m\000S\000t\000r\000u\000c\000t\000u\000r\000e\000.\000g\000e\000t\000\137\000l\000e\000v\000e\000l}{paragraph*.254}% 236
\BOOKMARK [5][-]{subparagraph*.367}{\376\377\000p\000a\000r\000a\000m\000a\000g\000p\000y\000.\000p\000r\000o\000t\000e\000i\000n\000.\000C\000u\000s\000t\000o\000m\000S\000t\000r\000u\000c\000t\000u\000r\000e\000.\000g\000e\000t\000\137\000l\000i\000s\000t}{paragraph*.254}% 237
\BOOKMARK [5][-]{subparagraph*.369}{\376\377\000p\000a\000r\000a\000m\000a\000g\000p\000y\000.\000p\000r\000o\000t\000e\000i\000n\000.\000C\000u\000s\000t\000o\000m\000S\000t\000r\000u\000c\000t\000u\000r\000e\000.\000g\000e\000t\000\137\000m\000o\000d\000e\000l\000s}{paragraph*.254}% 238
\BOOKMARK [5][-]{subparagraph*.371}{\376\377\000p\000a\000r\000a\000m\000a\000g\000p\000y\000.\000p\000r\000o\000t\000e\000i\000n\000.\000C\000u\000s\000t\000o\000m\000S\000t\000r\000u\000c\000t\000u\000r\000e\000.\000g\000e\000t\000\137\000p\000a\000r\000e\000n\000t}{paragraph*.254}% 239
\BOOKMARK [5][-]{subparagraph*.373}{\376\377\000p\000a\000r\000a\000m\000a\000g\000p\000y\000.\000p\000r\000o\000t\000e\000i\000n\000.\000C\000u\000s\000t\000o\000m\000S\000t\000r\000u\000c\000t\000u\000r\000e\000.\000g\000e\000t\000\137\000r\000e\000s\000i\000d\000u\000e\000s}{paragraph*.254}% 240
\BOOKMARK [5][-]{subparagraph*.375}{\376\377\000p\000a\000r\000a\000m\000a\000g\000p\000y\000.\000p\000r\000o\000t\000e\000i\000n\000.\000C\000u\000s\000t\000o\000m\000S\000t\000r\000u\000c\000t\000u\000r\000e\000.\000h\000a\000s\000\137\000i\000d}{paragraph*.254}% 241
\BOOKMARK [5][-]{subparagraph*.377}{\376\377\000p\000a\000r\000a\000m\000a\000g\000p\000y\000.\000p\000r\000o\000t\000e\000i\000n\000.\000C\000u\000s\000t\000o\000m\000S\000t\000r\000u\000c\000t\000u\000r\000e\000.\000i\000n\000s\000e\000r\000t}{paragraph*.254}% 242
\BOOKMARK [5][-]{subparagraph*.379}{\376\377\000p\000a\000r\000a\000m\000a\000g\000p\000y\000.\000p\000r\000o\000t\000e\000i\000n\000.\000C\000u\000s\000t\000o\000m\000S\000t\000r\000u\000c\000t\000u\000r\000e\000.\000i\000n\000t\000e\000r\000n\000a\000l\000\137\000t\000o\000\137\000a\000t\000o\000m\000\137\000c\000o\000o\000r\000d\000i\000n\000a\000t\000e\000s}{paragraph*.254}% 243
\BOOKMARK [5][-]{subparagraph*.381}{\376\377\000p\000a\000r\000a\000m\000a\000g\000p\000y\000.\000p\000r\000o\000t\000e\000i\000n\000.\000C\000u\000s\000t\000o\000m\000S\000t\000r\000u\000c\000t\000u\000r\000e\000.\000p\000a\000r\000s\000e}{paragraph*.254}% 244
\BOOKMARK [5][-]{subparagraph*.383}{\376\377\000p\000a\000r\000a\000m\000a\000g\000p\000y\000.\000p\000r\000o\000t\000e\000i\000n\000.\000C\000u\000s\000t\000o\000m\000S\000t\000r\000u\000c\000t\000u\000r\000e\000.\000s\000e\000t\000\137\000p\000a\000r\000e\000n\000t}{paragraph*.254}% 245
\BOOKMARK [5][-]{subparagraph*.385}{\376\377\000p\000a\000r\000a\000m\000a\000g\000p\000y\000.\000p\000r\000o\000t\000e\000i\000n\000.\000C\000u\000s\000t\000o\000m\000S\000t\000r\000u\000c\000t\000u\000r\000e\000.\000t\000r\000a\000n\000s\000f\000o\000r\000m}{paragraph*.254}% 246
\BOOKMARK [5][-]{subparagraph*.387}{\376\377\000p\000a\000r\000a\000m\000a\000g\000p\000y\000.\000p\000r\000o\000t\000e\000i\000n\000.\000C\000u\000s\000t\000o\000m\000S\000t\000r\000u\000c\000t\000u\000r\000e\000.\000i\000d}{paragraph*.254}% 247
\BOOKMARK [5][-]{subparagraph*.389}{\376\377\000p\000a\000r\000a\000m\000a\000g\000p\000y\000.\000p\000r\000o\000t\000e\000i\000n\000.\000C\000u\000s\000t\000o\000m\000S\000t\000r\000u\000c\000t\000u\000r\000e\000B\000u\000i\000l\000d\000e\000r}{paragraph*.254}% 248
\BOOKMARK [5][-]{subparagraph*.392}{\376\377\000p\000a\000r\000a\000m\000a\000g\000p\000y\000.\000p\000r\000o\000t\000e\000i\000n\000.\000C\000u\000s\000t\000o\000m\000S\000t\000r\000u\000c\000t\000u\000r\000e\000B\000u\000i\000l\000d\000e\000r\000.\000g\000e\000t\000\137\000s\000t\000r\000u\000c\000t\000u\000r\000e}{paragraph*.254}% 249
\BOOKMARK [5][-]{subparagraph*.394}{\376\377\000p\000a\000r\000a\000m\000a\000g\000p\000y\000.\000p\000r\000o\000t\000e\000i\000n\000.\000C\000u\000s\000t\000o\000m\000S\000t\000r\000u\000c\000t\000u\000r\000e\000B\000u\000i\000l\000d\000e\000r\000.\000i\000n\000i\000t\000\137\000a\000t\000o\000m}{paragraph*.254}% 250
\BOOKMARK [5][-]{subparagraph*.396}{\376\377\000p\000a\000r\000a\000m\000a\000g\000p\000y\000.\000p\000r\000o\000t\000e\000i\000n\000.\000C\000u\000s\000t\000o\000m\000S\000t\000r\000u\000c\000t\000u\000r\000e\000B\000u\000i\000l\000d\000e\000r\000.\000i\000n\000i\000t\000\137\000c\000h\000a\000i\000n}{paragraph*.254}% 251
\BOOKMARK [5][-]{subparagraph*.398}{\376\377\000p\000a\000r\000a\000m\000a\000g\000p\000y\000.\000p\000r\000o\000t\000e\000i\000n\000.\000C\000u\000s\000t\000o\000m\000S\000t\000r\000u\000c\000t\000u\000r\000e\000B\000u\000i\000l\000d\000e\000r\000.\000i\000n\000i\000t\000\137\000m\000o\000d\000e\000l}{paragraph*.254}% 252
\BOOKMARK [5][-]{subparagraph*.400}{\376\377\000p\000a\000r\000a\000m\000a\000g\000p\000y\000.\000p\000r\000o\000t\000e\000i\000n\000.\000C\000u\000s\000t\000o\000m\000S\000t\000r\000u\000c\000t\000u\000r\000e\000B\000u\000i\000l\000d\000e\000r\000.\000i\000n\000i\000t\000\137\000r\000e\000s\000i\000d\000u\000e}{paragraph*.254}% 253
\BOOKMARK [5][-]{subparagraph*.402}{\376\377\000p\000a\000r\000a\000m\000a\000g\000p\000y\000.\000p\000r\000o\000t\000e\000i\000n\000.\000C\000u\000s\000t\000o\000m\000S\000t\000r\000u\000c\000t\000u\000r\000e\000B\000u\000i\000l\000d\000e\000r\000.\000i\000n\000i\000t\000\137\000s\000e\000g}{paragraph*.254}% 254
\BOOKMARK [5][-]{subparagraph*.404}{\376\377\000p\000a\000r\000a\000m\000a\000g\000p\000y\000.\000p\000r\000o\000t\000e\000i\000n\000.\000C\000u\000s\000t\000o\000m\000S\000t\000r\000u\000c\000t\000u\000r\000e\000B\000u\000i\000l\000d\000e\000r\000.\000i\000n\000i\000t\000\137\000s\000t\000r\000u\000c\000t\000u\000r\000e}{paragraph*.254}% 255
\BOOKMARK [5][-]{subparagraph*.406}{\376\377\000p\000a\000r\000a\000m\000a\000g\000p\000y\000.\000p\000r\000o\000t\000e\000i\000n\000.\000C\000u\000s\000t\000o\000m\000S\000t\000r\000u\000c\000t\000u\000r\000e\000B\000u\000i\000l\000d\000e\000r\000.\000s\000e\000t\000\137\000a\000n\000i\000s\000o\000u}{paragraph*.254}% 256
\BOOKMARK [5][-]{subparagraph*.408}{\376\377\000p\000a\000r\000a\000m\000a\000g\000p\000y\000.\000p\000r\000o\000t\000e\000i\000n\000.\000C\000u\000s\000t\000o\000m\000S\000t\000r\000u\000c\000t\000u\000r\000e\000B\000u\000i\000l\000d\000e\000r\000.\000s\000e\000t\000\137\000h\000e\000a\000d\000e\000r}{paragraph*.254}% 257
\BOOKMARK [5][-]{subparagraph*.410}{\376\377\000p\000a\000r\000a\000m\000a\000g\000p\000y\000.\000p\000r\000o\000t\000e\000i\000n\000.\000C\000u\000s\000t\000o\000m\000S\000t\000r\000u\000c\000t\000u\000r\000e\000B\000u\000i\000l\000d\000e\000r\000.\000s\000e\000t\000\137\000l\000i\000n\000e\000\137\000c\000o\000u\000n\000t\000e\000r}{paragraph*.254}% 258
\BOOKMARK [5][-]{subparagraph*.412}{\376\377\000p\000a\000r\000a\000m\000a\000g\000p\000y\000.\000p\000r\000o\000t\000e\000i\000n\000.\000C\000u\000s\000t\000o\000m\000S\000t\000r\000u\000c\000t\000u\000r\000e\000B\000u\000i\000l\000d\000e\000r\000.\000s\000e\000t\000\137\000s\000i\000g\000a\000t\000m}{paragraph*.254}% 259
\BOOKMARK [5][-]{subparagraph*.414}{\376\377\000p\000a\000r\000a\000m\000a\000g\000p\000y\000.\000p\000r\000o\000t\000e\000i\000n\000.\000C\000u\000s\000t\000o\000m\000S\000t\000r\000u\000c\000t\000u\000r\000e\000B\000u\000i\000l\000d\000e\000r\000.\000s\000e\000t\000\137\000s\000i\000g\000u\000i\000j}{paragraph*.254}% 260
\BOOKMARK [5][-]{subparagraph*.416}{\376\377\000p\000a\000r\000a\000m\000a\000g\000p\000y\000.\000p\000r\000o\000t\000e\000i\000n\000.\000C\000u\000s\000t\000o\000m\000S\000t\000r\000u\000c\000t\000u\000r\000e\000B\000u\000i\000l\000d\000e\000r\000.\000s\000e\000t\000\137\000s\000y\000m\000m\000e\000t\000r\000y}{paragraph*.254}% 261
\BOOKMARK [5][-]{subparagraph*.418}{\376\377\000p\000a\000r\000a\000m\000a\000g\000p\000y\000.\000p\000r\000o\000t\000e\000i\000n\000.\000P\000y\000M\000o\000l\000S\000c\000r\000i\000p\000t}{paragraph*.254}% 262
\BOOKMARK [5][-]{subparagraph*.421}{\376\377\000p\000a\000r\000a\000m\000a\000g\000p\000y\000.\000p\000r\000o\000t\000e\000i\000n\000.\000P\000y\000M\000o\000l\000S\000c\000r\000i\000p\000t\000.\000a\000d\000d\000\137\000a\000t\000o\000m}{paragraph*.254}% 263
\BOOKMARK [5][-]{subparagraph*.423}{\376\377\000p\000a\000r\000a\000m\000a\000g\000p\000y\000.\000p\000r\000o\000t\000e\000i\000n\000.\000P\000y\000M\000o\000l\000S\000c\000r\000i\000p\000t\000.\000a\000d\000d\000\137\000m\000a\000p}{paragraph*.254}% 264
\BOOKMARK [5][-]{subparagraph*.425}{\376\377\000p\000a\000r\000a\000m\000a\000g\000p\000y\000.\000p\000r\000o\000t\000e\000i\000n\000.\000P\000y\000M\000o\000l\000S\000c\000r\000i\000p\000t\000.\000a\000d\000d\000\137\000p\000d\000b}{paragraph*.254}% 265
\BOOKMARK [5][-]{subparagraph*.427}{\376\377\000p\000a\000r\000a\000m\000a\000g\000p\000y\000.\000p\000r\000o\000t\000e\000i\000n\000.\000P\000y\000M\000o\000l\000S\000c\000r\000i\000p\000t\000.\000w\000r\000i\000t\000e}{paragraph*.254}% 266
\BOOKMARK [2][-]{subsection.5.6.3}{\376\377\000D\000a\000t\000a\000\040\000I\000/\000O\000\040\000m\000o\000d\000u\000l\000e}{section.5.6}% 267
\BOOKMARK [3][-]{subsubsection*.429}{\376\377\000p\000a\000r\000a\000m\000a\000g\000p\000y\000.\000d\000a\000t\000a\000p\000a\000r\000s\000e}{subsection.5.6.3}% 268
\BOOKMARK [4][-]{paragraph*.430}{\376\377\000F\000u\000n\000c\000t\000i\000o\000n\000s}{subsubsection*.429}% 269
\BOOKMARK [5][-]{subparagraph*.431}{\376\377\000p\000a\000r\000a\000m\000a\000g\000p\000y\000.\000d\000a\000t\000a\000p\000a\000r\000s\000e\000.\000r\000e\000a\000d\000\137\000p\000c\000s}{paragraph*.430}% 270
\BOOKMARK [5][-]{subparagraph*.433}{\376\377\000p\000a\000r\000a\000m\000a\000g\000p\000y\000.\000d\000a\000t\000a\000p\000a\000r\000s\000e\000.\000r\000e\000a\000d\000\137\000r\000d\000c}{paragraph*.430}% 271
\BOOKMARK [5][-]{subparagraph*.435}{\376\377\000p\000a\000r\000a\000m\000a\000g\000p\000y\000.\000d\000a\000t\000a\000p\000a\000r\000s\000e\000.\000r\000e\000a\000d\000\137\000p\000r\000e}{paragraph*.430}% 272
\BOOKMARK [5][-]{subparagraph*.437}{\376\377\000p\000a\000r\000a\000m\000a\000g\000p\000y\000.\000d\000a\000t\000a\000p\000a\000r\000s\000e\000.\000r\000e\000a\000d\000\137\000c\000c\000r}{paragraph*.430}% 273
\BOOKMARK [4][-]{paragraph*.439}{\376\377\000C\000l\000a\000s\000s\000e\000s}{subsubsection*.429}% 274
\BOOKMARK [5][-]{subparagraph*.440}{\376\377\000p\000a\000r\000a\000m\000a\000g\000p\000y\000.\000d\000a\000t\000a\000p\000a\000r\000s\000e\000.\000D\000a\000t\000a\000C\000o\000n\000t\000a\000i\000n\000e\000r}{paragraph*.439}% 275
\BOOKMARK [5][-]{subparagraph*.443}{\376\377\000p\000a\000r\000a\000m\000a\000g\000p\000y\000.\000d\000a\000t\000a\000p\000a\000r\000s\000e\000.\000D\000a\000t\000a\000C\000o\000n\000t\000a\000i\000n\000e\000r\000.\000c\000l\000e\000a\000r}{paragraph*.439}% 276
\BOOKMARK [5][-]{subparagraph*.445}{\376\377\000p\000a\000r\000a\000m\000a\000g\000p\000y\000.\000d\000a\000t\000a\000p\000a\000r\000s\000e\000.\000D\000a\000t\000a\000C\000o\000n\000t\000a\000i\000n\000e\000r\000.\000c\000o\000p\000y}{paragraph*.439}% 277
\BOOKMARK [5][-]{subparagraph*.447}{\376\377\000p\000a\000r\000a\000m\000a\000g\000p\000y\000.\000d\000a\000t\000a\000p\000a\000r\000s\000e\000.\000D\000a\000t\000a\000C\000o\000n\000t\000a\000i\000n\000e\000r\000.\000f\000r\000o\000m\000k\000e\000y\000s}{paragraph*.439}% 278
\BOOKMARK [5][-]{subparagraph*.449}{\376\377\000p\000a\000r\000a\000m\000a\000g\000p\000y\000.\000d\000a\000t\000a\000p\000a\000r\000s\000e\000.\000D\000a\000t\000a\000C\000o\000n\000t\000a\000i\000n\000e\000r\000.\000g\000e\000t}{paragraph*.439}% 279
\BOOKMARK [5][-]{subparagraph*.451}{\376\377\000p\000a\000r\000a\000m\000a\000g\000p\000y\000.\000d\000a\000t\000a\000p\000a\000r\000s\000e\000.\000D\000a\000t\000a\000C\000o\000n\000t\000a\000i\000n\000e\000r\000.\000i\000t\000e\000m\000s}{paragraph*.439}% 280
\BOOKMARK [5][-]{subparagraph*.453}{\376\377\000p\000a\000r\000a\000m\000a\000g\000p\000y\000.\000d\000a\000t\000a\000p\000a\000r\000s\000e\000.\000D\000a\000t\000a\000C\000o\000n\000t\000a\000i\000n\000e\000r\000.\000k\000e\000y\000s}{paragraph*.439}% 281
\BOOKMARK [5][-]{subparagraph*.455}{\376\377\000p\000a\000r\000a\000m\000a\000g\000p\000y\000.\000d\000a\000t\000a\000p\000a\000r\000s\000e\000.\000D\000a\000t\000a\000C\000o\000n\000t\000a\000i\000n\000e\000r\000.\000m\000o\000v\000e\000\137\000t\000o\000\137\000e\000n\000d}{paragraph*.439}% 282
\BOOKMARK [5][-]{subparagraph*.457}{\376\377\000p\000a\000r\000a\000m\000a\000g\000p\000y\000.\000d\000a\000t\000a\000p\000a\000r\000s\000e\000.\000D\000a\000t\000a\000C\000o\000n\000t\000a\000i\000n\000e\000r\000.\000p\000o\000p}{paragraph*.439}% 283
\BOOKMARK [5][-]{subparagraph*.459}{\376\377\000p\000a\000r\000a\000m\000a\000g\000p\000y\000.\000d\000a\000t\000a\000p\000a\000r\000s\000e\000.\000D\000a\000t\000a\000C\000o\000n\000t\000a\000i\000n\000e\000r\000.\000p\000o\000p\000i\000t\000e\000m}{paragraph*.439}% 284
\BOOKMARK [5][-]{subparagraph*.461}{\376\377\000p\000a\000r\000a\000m\000a\000g\000p\000y\000.\000d\000a\000t\000a\000p\000a\000r\000s\000e\000.\000D\000a\000t\000a\000C\000o\000n\000t\000a\000i\000n\000e\000r\000.\000s\000e\000t\000d\000e\000f\000a\000u\000l\000t}{paragraph*.439}% 285
\BOOKMARK [5][-]{subparagraph*.463}{\376\377\000p\000a\000r\000a\000m\000a\000g\000p\000y\000.\000d\000a\000t\000a\000p\000a\000r\000s\000e\000.\000D\000a\000t\000a\000C\000o\000n\000t\000a\000i\000n\000e\000r\000.\000u\000p\000d\000a\000t\000e}{paragraph*.439}% 286
\BOOKMARK [5][-]{subparagraph*.465}{\376\377\000p\000a\000r\000a\000m\000a\000g\000p\000y\000.\000d\000a\000t\000a\000p\000a\000r\000s\000e\000.\000D\000a\000t\000a\000C\000o\000n\000t\000a\000i\000n\000e\000r\000.\000v\000a\000l\000u\000e\000s}{paragraph*.439}% 287
\BOOKMARK [2][-]{subsection.5.6.4}{\376\377\000F\000i\000t\000t\000i\000n\000g\000\040\000m\000o\000d\000u\000l\000e}{section.5.6}% 288
\BOOKMARK [3][-]{subsubsection*.467}{\376\377\000p\000a\000r\000a\000m\000a\000g\000p\000y\000.\000f\000i\000t}{subsection.5.6.4}% 289
\BOOKMARK [4][-]{paragraph*.468}{\376\377\000p\000a\000r\000a\000m\000a\000g\000p\000y\000.\000f\000i\000t\000.\000e\000n\000s\000e\000m\000b\000l\000e\000\137\000a\000v\000e\000r\000a\000g\000e}{subsubsection*.467}% 290
\BOOKMARK [4][-]{paragraph*.470}{\376\377\000p\000a\000r\000a\000m\000a\000g\000p\000y\000.\000f\000i\000t\000.\000e\000x\000t\000r\000a\000c\000t\000\137\000a\000t\000o\000m\000\137\000d\000a\000t\000a}{subsubsection*.467}% 291
\BOOKMARK [4][-]{paragraph*.472}{\376\377\000p\000a\000r\000a\000m\000a\000g\000p\000y\000.\000f\000i\000t\000.\000e\000x\000t\000r\000a\000c\000t\000\137\000c\000c\000r\000\137\000d\000a\000t\000a}{subsubsection*.467}% 292
\BOOKMARK [4][-]{paragraph*.474}{\376\377\000p\000a\000r\000a\000m\000a\000g\000p\000y\000.\000f\000i\000t\000.\000e\000x\000t\000r\000a\000c\000t\000\137\000r\000d\000c\000\137\000d\000a\000t\000a}{subsubsection*.467}% 293
\BOOKMARK [4][-]{paragraph*.476}{\376\377\000p\000a\000r\000a\000m\000a\000g\000p\000y\000.\000f\000i\000t\000.\000f\000i\000t\000\137\000e\000r\000r\000o\000r\000\137\000b\000o\000o\000t\000s\000t\000r\000a\000p}{subsubsection*.467}% 294
\BOOKMARK [4][-]{paragraph*.478}{\376\377\000p\000a\000r\000a\000m\000a\000g\000p\000y\000.\000f\000i\000t\000.\000f\000i\000t\000\137\000e\000r\000r\000o\000r\000\137\000m\000o\000d\000e\000l\000s}{subsubsection*.467}% 295
\BOOKMARK [4][-]{paragraph*.480}{\376\377\000p\000a\000r\000a\000m\000a\000g\000p\000y\000.\000f\000i\000t\000.\000f\000i\000t\000\137\000e\000r\000r\000o\000r\000\137\000m\000o\000n\000t\000e\000\137\000c\000a\000r\000l\000o}{subsubsection*.467}% 296
\BOOKMARK [4][-]{paragraph*.482}{\376\377\000p\000a\000r\000a\000m\000a\000g\000p\000y\000.\000f\000i\000t\000.\000g\000r\000i\000d\000s\000e\000a\000r\000c\000h\000\137\000f\000i\000t\000\137\000a\000t\000o\000m\000\137\000f\000r\000o\000m\000\137\000p\000c\000s}{subsubsection*.467}% 297
\BOOKMARK [4][-]{paragraph*.484}{\376\377\000p\000a\000r\000a\000m\000a\000g\000p\000y\000.\000f\000i\000t\000.\000g\000r\000i\000d\000s\000e\000a\000r\000c\000h\000\137\000f\000i\000t\000\137\000a\000t\000o\000m\000\137\000r\000e\000s\000t\000r\000a\000i\000n\000\137\000d\000i\000s\000t\000a\000n\000c\000e}{subsubsection*.467}% 298
\BOOKMARK [4][-]{paragraph*.486}{\376\377\000p\000a\000r\000a\000m\000a\000g\000p\000y\000.\000f\000i\000t\000.\000g\000r\000i\000d\000s\000e\000a\000r\000c\000h\000\137\000f\000i\000t\000\137\000a\000t\000o\000m\000\137\000r\000e\000s\000t\000r\000a\000i\000n\000\137\000d\000i\000s\000t\000a\000n\000c\000e\000\137\000c\000u\000t\000o\000f\000f}{subsubsection*.467}% 299
\BOOKMARK [4][-]{paragraph*.488}{\376\377\000p\000a\000r\000a\000m\000a\000g\000p\000y\000.\000f\000i\000t\000.\000m\000e\000t\000a\000l\000\137\000s\000t\000a\000n\000d\000a\000r\000d\000\137\000d\000e\000v\000i\000a\000t\000i\000o\000n}{subsubsection*.467}% 300
\BOOKMARK [4][-]{paragraph*.490}{\376\377\000p\000a\000r\000a\000m\000a\000g\000p\000y\000.\000f\000i\000t\000.\000n\000l\000r\000\137\000f\000i\000t\000\137\000m\000e\000t\000a\000l\000\137\000f\000r\000o\000m\000\137\000c\000c\000r}{subsubsection*.467}% 301
\BOOKMARK [4][-]{paragraph*.492}{\376\377\000p\000a\000r\000a\000m\000a\000g\000p\000y\000.\000f\000i\000t\000.\000n\000l\000r\000\137\000f\000i\000t\000\137\000m\000e\000t\000a\000l\000\137\000f\000r\000o\000m\000\137\000p\000c\000s}{subsubsection*.467}% 302
\BOOKMARK [4][-]{paragraph*.494}{\376\377\000p\000a\000r\000a\000m\000a\000g\000p\000y\000.\000f\000i\000t\000.\000n\000l\000r\000\137\000f\000i\000t\000\137\000m\000e\000t\000a\000l\000\137\000f\000r\000o\000m\000\137\000p\000r\000e}{subsubsection*.467}% 303
\BOOKMARK [4][-]{paragraph*.496}{\376\377\000p\000a\000r\000a\000m\000a\000g\000p\000y\000.\000f\000i\000t\000.\000p\000c\000s\000\137\000g\000r\000a\000d\000i\000e\000n\000t\000\137\000o\000r\000t\000h\000o\000g\000o\000n\000a\000l\000i\000t\000y\000\137\000c\000r\000o\000s\000s}{subsubsection*.467}% 304
\BOOKMARK [4][-]{paragraph*.498}{\376\377\000p\000a\000r\000a\000m\000a\000g\000p\000y\000.\000f\000i\000t\000.\000p\000c\000s\000\137\000g\000r\000a\000d\000i\000e\000n\000t\000\137\000o\000r\000t\000h\000o\000g\000o\000n\000a\000l\000i\000t\000y\000\137\000d\000o\000t}{subsubsection*.467}% 305
\BOOKMARK [4][-]{paragraph*.500}{\376\377\000p\000a\000r\000a\000m\000a\000g\000p\000y\000.\000f\000i\000t\000.\000q\000f\000a\000c\000t\000o\000r}{subsubsection*.467}% 306
\BOOKMARK [4][-]{paragraph*.502}{\376\377\000p\000a\000r\000a\000m\000a\000g\000p\000y\000.\000f\000i\000t\000.\000s\000p\000h\000e\000r\000e\000\137\000g\000r\000i\000d}{subsubsection*.467}% 307
\BOOKMARK [4][-]{paragraph*.504}{\376\377\000p\000a\000r\000a\000m\000a\000g\000p\000y\000.\000f\000i\000t\000.\000s\000v\000d\000\137\000c\000a\000l\000c\000\137\000m\000e\000t\000a\000l\000\137\000f\000r\000o\000m\000\137\000p\000c\000s}{subsubsection*.467}% 308
\BOOKMARK [4][-]{paragraph*.506}{\376\377\000p\000a\000r\000a\000m\000a\000g\000p\000y\000.\000f\000i\000t\000.\000s\000v\000d\000\137\000c\000a\000l\000c\000\137\000m\000e\000t\000a\000l\000\137\000f\000r\000o\000m\000\137\000p\000c\000s\000\137\000o\000f\000f\000s\000e\000t}{subsubsection*.467}% 309
\BOOKMARK [4][-]{paragraph*.508}{\376\377\000p\000a\000r\000a\000m\000a\000g\000p\000y\000.\000f\000i\000t\000.\000s\000v\000d\000\137\000c\000a\000l\000c\000\137\000m\000e\000t\000a\000l\000\137\000f\000r\000o\000m\000\137\000r\000d\000c}{subsubsection*.467}% 310
\BOOKMARK [4][-]{paragraph*.510}{\376\377\000p\000a\000r\000a\000m\000a\000g\000p\000y\000.\000f\000i\000t\000.\000s\000v\000d\000\137\000f\000i\000t\000\137\000m\000e\000t\000a\000l\000\137\000f\000r\000o\000m\000\137\000r\000d\000c}{subsubsection*.467}% 311
\BOOKMARK [4][-]{paragraph*.512}{\376\377\000p\000a\000r\000a\000m\000a\000g\000p\000y\000.\000f\000i\000t\000.\000s\000v\000d\000\137\000g\000r\000i\000d\000s\000e\000a\000r\000c\000h\000\137\000f\000i\000t\000\137\000m\000e\000t\000a\000l\000\137\000f\000r\000o\000m\000\137\000p\000c\000s}{subsubsection*.467}% 312
\BOOKMARK [4][-]{paragraph*.514}{\376\377\000p\000a\000r\000a\000m\000a\000g\000p\000y\000.\000f\000i\000t\000.\000D\000e\000n\000s\000i\000t\000y\000M\000a\000p}{subsubsection*.467}% 313
\BOOKMARK [0][-]{section*.517}{\376\377\000P\000y\000t\000h\000o\000n\000\040\000M\000o\000d\000u\000l\000e\000\040\000I\000n\000d\000e\000x}{}% 314
